<?xml version="1.0" encoding="utf-8"?>
<TestRun id="fc95a76d-444c-4aad-98f2-059e712b9a11" name="@f850de638ed5 2026-05-08 21:28:37" xmlns="http://microsoft.com/schemas/VisualStudio/TeamTest/2010">
  <Times creation="2026-05-08T21:28:37.8126442+00:00" queuing="2026-05-08T21:28:37.8126443+00:00" start="2026-05-08T21:28:36.9590545+00:00" finish="2026-05-08T21:28:41.7785539+00:00" />
  <TestSettings name="default" id="02b84ebf-b241-4c72-83ac-2492540cca84">
    <Deployment runDeploymentRoot="_f850de638ed5_2026-05-08_21_28_37" />
  </TestSettings>
  <Results>
    <UnitTestResult executionId="42657b3b-a15b-4e18-8acd-c3e78933df91" testId="6285c27c-ef42-db52-5ae7-5015b8588012" testName="Northwind.Tests.Application.Validators.CreateOrderDtoValidatorTests.OrderDetail_with_negative_price_fails" computerName="f850de638ed5" duration="00:00:00.1408565" startTime="2026-05-08T21:28:37.5647064+00:00" endTime="2026-05-08T21:28:37.7107260+00:00" testType="13cdc9d9-ddb5-4fa4-a97d-d965ccfc6d4b" outcome="Passed" testListId="8c84fa94-04c1-424b-9868-57a2d4851a1d" relativeResultsDirectory="42657b3b-a15b-4e18-8acd-c3e78933df91" />
    <UnitTestResult executionId="0f5ed293-e760-4349-935d-00159e673a4d" testId="6c483b4c-bcf6-f587-eea8-6c9803f93b02" testName="Northwind.Tests.Infrastructure.Repositories.OrderRepositoryTests.GetPagedAsync_returns_all_when_no_filters" computerName="f850de638ed5" duration="00:00:00.0250460" startTime="2026-05-08T21:28:38.5951450+00:00" endTime="2026-05-08T21:28:38.6201329+00:00" testType="13cdc9d9-ddb5-4fa4-a97d-d965ccfc6d4b" outcome="Passed" testListId="8c84fa94-04c1-424b-9868-57a2d4851a1d" relativeResultsDirectory="0f5ed293-e760-4349-935d-00159e673a4d" />
    <UnitTestResult executionId="597e2c84-15c1-40d9-b099-47ab005ca821" testId="07627f19-4327-8b34-2e45-b077a557d67b" testName="Northwind.Tests.Infrastructure.Repositories.OrderRepositoryTests.GetPagedAsync_filters_by_year_and_month" computerName="f850de638ed5" duration="00:00:00.0305311" startTime="2026-05-08T21:28:38.6202548+00:00" endTime="2026-05-08T21:28:38.6507539+00:00" testType="13cdc9d9-ddb5-4fa4-a97d-d965ccfc6d4b" outcome="Passed" testListId="8c84fa94-04c1-424b-9868-57a2d4851a1d" relativeResultsDirectory="597e2c84-15c1-40d9-b099-47ab005ca821" />
    <UnitTestResult executionId="dd756bb9-6865-442b-9f95-f8f44dda07cb" testId="1785d09f-30e1-f95a-41c8-d37ea0973a11" testName="Northwind.Tests.Api.NorthwindApiIntegrationTests.GET_orders_excel_returns_xlsx_content_type" computerName="f850de638ed5" duration="00:00:00.5234699" startTime="2026-05-08T21:28:40.9729406+00:00" endTime="2026-05-08T21:28:41.4967784+00:00" testType="13cdc9d9-ddb5-4fa4-a97d-d965ccfc6d4b" outcome="Passed" testListId="8c84fa94-04c1-424b-9868-57a2d4851a1d" relativeResultsDirectory="dd756bb9-6865-442b-9f95-f8f44dda07cb" />
    <UnitTestResult executionId="caf9ccfb-3933-4623-bb6c-6158fa83c5f5" testId="5af6659d-45dc-6d49-7829-5245deb4e4a3" testName="Northwind.Tests.Application.Services.OrderServiceTests.GetOrdersAsync_returns_paged_result" computerName="f850de638ed5" duration="00:00:00.0157676" startTime="2026-05-08T21:28:37.8483533+00:00" endTime="2026-05-08T21:28:37.8639702+00:00" testType="13cdc9d9-ddb5-4fa4-a97d-d965ccfc6d4b" outcome="Passed" testListId="8c84fa94-04c1-424b-9868-57a2d4851a1d" relativeResultsDirectory="caf9ccfb-3933-4623-bb6c-6158fa83c5f5" />
    <UnitTestResult executionId="23d5aaf2-cafc-478b-a18d-28ce93042c58" testId="23789661-4b9d-0e68-3154-ffe494050575" testName="Northwind.Tests.Infrastructure.External.GeoLocationServiceTests.ValidateAddressAsync_returns_coordinates_on_success" computerName="f850de638ed5" duration="00:00:00.0075579" startTime="2026-05-08T21:28:37.8071587+00:00" endTime="2026-05-08T21:28:37.8146612+00:00" testType="13cdc9d9-ddb5-4fa4-a97d-d965ccfc6d4b" outcome="Passed" testListId="8c84fa94-04c1-424b-9868-57a2d4851a1d" relativeResultsDirectory="23d5aaf2-cafc-478b-a18d-28ce93042c58" />
    <UnitTestResult executionId="dd7519bd-d540-4d3f-880a-26b8bcc3dd17" testId="a3aebe77-0490-9353-21bd-61356f14b043" testName="Northwind.Tests.Application.Validators.CreateOrderDtoValidatorTests.Negative_Freight_fails" computerName="f850de638ed5" duration="00:00:00.0023653" startTime="2026-05-08T21:28:37.7817043+00:00" endTime="2026-05-08T21:28:37.7817818+00:00" testType="13cdc9d9-ddb5-4fa4-a97d-d965ccfc6d4b" outcome="Passed" testListId="8c84fa94-04c1-424b-9868-57a2d4851a1d" relativeResultsDirectory="dd7519bd-d540-4d3f-880a-26b8bcc3dd17" />
    <UnitTestResult executionId="9c6f381d-e6f8-400a-8a95-cd0d5cfae82f" testId="0ffdf295-e65e-22b7-a7e4-884fd408b379" testName="Northwind.Tests.Api.NorthwindApiIntegrationTests.POST_location_validate_returns_200_with_coordinates" computerName="f850de638ed5" duration="00:00:00.0132517" startTime="2026-05-08T21:28:41.6182778+00:00" endTime="2026-05-08T21:28:41.6317657+00:00" testType="13cdc9d9-ddb5-4fa4-a97d-d965ccfc6d4b" outcome="Passed" testListId="8c84fa94-04c1-424b-9868-57a2d4851a1d" relativeResultsDirectory="9c6f381d-e6f8-400a-8a95-cd0d5cfae82f" />
    <UnitTestResult executionId="03fc71a2-db2f-487a-995c-a812a05fc937" testId="023ea08f-7df8-d770-c02f-5a8857c3f9d5" testName="Northwind.Tests.Infrastructure.Repositories.OrderRepositoryTests.GetByIdAsync_returns_null_for_nonexistent" computerName="f850de638ed5" duration="00:00:00.0017099" startTime="2026-05-08T21:28:38.5506495+00:00" endTime="2026-05-08T21:28:38.5518146+00:00" testType="13cdc9d9-ddb5-4fa4-a97d-d965ccfc6d4b" outcome="Passed" testListId="8c84fa94-04c1-424b-9868-57a2d4851a1d" relativeResultsDirectory="03fc71a2-db2f-487a-995c-a812a05fc937" />
    <UnitTestResult executionId="3168e307-1b03-4b86-9877-e14e081abe6b" testId="978295ef-49d4-72ba-fe55-729532aa719b" testName="Northwind.Tests.Application.Services.OrderServiceTests.GenerateOrderPdfAsync_throws_NotFoundException_for_missing_order" computerName="f850de638ed5" duration="00:00:00.0047911" startTime="2026-05-08T21:28:37.8154552+00:00" endTime="2026-05-08T21:28:37.8200873+00:00" testType="13cdc9d9-ddb5-4fa4-a97d-d965ccfc6d4b" outcome="Passed" testListId="8c84fa94-04c1-424b-9868-57a2d4851a1d" relativeResultsDirectory="3168e307-1b03-4b86-9877-e14e081abe6b" />
    <UnitTestResult executionId="036958f6-c3c5-4527-95de-0f71db2cd5e3" testId="5285b130-65d1-af77-93fb-b3b6cefc46ba" testName="Northwind.Tests.Api.NorthwindApiIntegrationTests.GET_orders_returns_200_with_paged_result" computerName="f850de638ed5" duration="00:00:00.0055342" startTime="2026-05-08T21:28:41.6666797+00:00" endTime="2026-05-08T21:28:41.6724619+00:00" testType="13cdc9d9-ddb5-4fa4-a97d-d965ccfc6d4b" outcome="Passed" testListId="8c84fa94-04c1-424b-9868-57a2d4851a1d" relativeResultsDirectory="036958f6-c3c5-4527-95de-0f71db2cd5e3" />
    <UnitTestResult executionId="ab811dcc-19e3-4785-883a-c2b854c7686f" testId="d72e3e29-c86b-814d-5aa5-6288cc0c96ae" testName="Northwind.Tests.Application.Validators.CreateOrderDtoValidatorTests.RequiredDate_before_OrderDate_fails" computerName="f850de638ed5" duration="00:00:00.0014176" startTime="2026-05-08T21:28:37.7821400+00:00" endTime="2026-05-08T21:28:37.7821747+00:00" testType="13cdc9d9-ddb5-4fa4-a97d-d965ccfc6d4b" outcome="Passed" testListId="8c84fa94-04c1-424b-9868-57a2d4851a1d" relativeResultsDirectory="ab811dcc-19e3-4785-883a-c2b854c7686f" />
    <UnitTestResult executionId="f7834efc-36a6-4eca-b26f-4a54bb62f5f1" testId="48e68961-3bc6-54e8-a2f3-ec44e47657c5" testName="Northwind.Tests.Infrastructure.Repositories.OrderRepositoryTests.GetPagedAsync_filters_by_region" computerName="f850de638ed5" duration="00:00:00.0430758" startTime="2026-05-08T21:28:38.5519457+00:00" endTime="2026-05-08T21:28:38.5949948+00:00" testType="13cdc9d9-ddb5-4fa4-a97d-d965ccfc6d4b" outcome="Passed" testListId="8c84fa94-04c1-424b-9868-57a2d4851a1d" relativeResultsDirectory="f7834efc-36a6-4eca-b26f-4a54bb62f5f1" />
    <UnitTestResult executionId="da06a827-826d-4117-b530-117f959acc42" testId="7b1cd05c-417b-71c0-e336-055a3d937c82" testName="Northwind.Tests.Infrastructure.Repositories.OrderRepositoryTests.GetPagedAsync_respects_pagination" computerName="f850de638ed5" duration="00:00:00.9702478" startTime="2026-05-08T21:28:37.5647562+00:00" endTime="2026-05-08T21:28:38.5409058+00:00" testType="13cdc9d9-ddb5-4fa4-a97d-d965ccfc6d4b" outcome="Passed" testListId="8c84fa94-04c1-424b-9868-57a2d4851a1d" relativeResultsDirectory="da06a827-826d-4117-b530-117f959acc42" />
    <UnitTestResult executionId="05895456-ba64-41c8-9569-6719b9b61ad0" testId="350ad9ce-4eef-d06c-1107-05a9fe8a438a" testName="Northwind.Tests.Api.NorthwindApiIntegrationTests.DELETE_order_returns_204" computerName="f850de638ed5" duration="00:00:00.0096478" startTime="2026-05-08T21:28:41.5932231+00:00" endTime="2026-05-08T21:28:41.6032257+00:00" testType="13cdc9d9-ddb5-4fa4-a97d-d965ccfc6d4b" outcome="Passed" testListId="8c84fa94-04c1-424b-9868-57a2d4851a1d" relativeResultsDirectory="05895456-ba64-41c8-9569-6719b9b61ad0" />
    <UnitTestResult executionId="4e12ebda-c879-4bf6-8765-cf9f2833a90d" testId="cd1e4fa4-42c0-9e26-3c82-8e31dbc57696" testName="Northwind.Tests.Application.Validators.CreateOrderDtoValidatorTests.CustomerID_longer_than_5_chars_fails" computerName="f850de638ed5" duration="00:00:00.0082865" startTime="2026-05-08T21:28:37.7813476+00:00" endTime="2026-05-08T21:28:37.7814041+00:00" testType="13cdc9d9-ddb5-4fa4-a97d-d965ccfc6d4b" outcome="Passed" testListId="8c84fa94-04c1-424b-9868-57a2d4851a1d" relativeResultsDirectory="4e12ebda-c879-4bf6-8765-cf9f2833a90d" />
    <UnitTestResult executionId="c556a1e6-0dd1-4dbd-a2e3-fc80efac87bd" testId="042c9fba-373c-40b9-fb9e-7a934619d319" testName="Northwind.Tests.Application.Validators.CreateOrderDtoValidatorTests.EmployeeID_zero_fails" computerName="f850de638ed5" duration="00:00:00.0023807" startTime="2026-05-08T21:28:37.7285111+00:00" endTime="2026-05-08T21:28:37.7298424+00:00" testType="13cdc9d9-ddb5-4fa4-a97d-d965ccfc6d4b" outcome="Passed" testListId="8c84fa94-04c1-424b-9868-57a2d4851a1d" relativeResultsDirectory="c556a1e6-0dd1-4dbd-a2e3-fc80efac87bd" />
    <UnitTestResult executionId="e36140d2-fa8c-48ff-a3d6-bdd5efde79bc" testId="980af34d-979c-3a56-c6a0-2325458a665e" testName="Northwind.Tests.Api.NorthwindApiIntegrationTests.GET_reports_orders_per_time_returns_200" computerName="f850de638ed5" duration="00:00:00.0144645" startTime="2026-05-08T21:28:41.5184855+00:00" endTime="2026-05-08T21:28:41.5335908+00:00" testType="13cdc9d9-ddb5-4fa4-a97d-d965ccfc6d4b" outcome="Passed" testListId="8c84fa94-04c1-424b-9868-57a2d4851a1d" relativeResultsDirectory="e36140d2-fa8c-48ff-a3d6-bdd5efde79bc" />
    <UnitTestResult executionId="ad481716-2ecc-48c7-a1a3-35c54c6e4553" testId="da34eb5f-54aa-a9ed-37fb-3b98ff032dea" testName="Northwind.Tests.Api.NorthwindApiIntegrationTests.PUT_order_returns_404_for_nonexistent" computerName="f850de638ed5" duration="00:00:01.0086690" startTime="2026-05-08T21:28:37.5648601+00:00" endTime="2026-05-08T21:28:38.5774151+00:00" testType="13cdc9d9-ddb5-4fa4-a97d-d965ccfc6d4b" outcome="Passed" testListId="8c84fa94-04c1-424b-9868-57a2d4851a1d" relativeResultsDirectory="ad481716-2ecc-48c7-a1a3-35c54c6e4553" />
    <UnitTestResult executionId="ff285796-fc02-4409-94f6-ed4e9b3b85b7" testId="41027ddf-bd63-846f-c9e1-19ed5ab9486d" testName="Northwind.Tests.Api.NorthwindApiIntegrationTests.GET_orders_with_year_filter_returns_matching_orders" computerName="f850de638ed5" duration="00:00:00.0187137" startTime="2026-05-08T21:28:41.6319230+00:00" endTime="2026-05-08T21:28:41.6510712+00:00" testType="13cdc9d9-ddb5-4fa4-a97d-d965ccfc6d4b" outcome="Passed" testListId="8c84fa94-04c1-424b-9868-57a2d4851a1d" relativeResultsDirectory="ff285796-fc02-4409-94f6-ed4e9b3b85b7" />
    <UnitTestResult executionId="9b7cc559-287b-4674-9a78-49cc18d78f2a" testId="826ff874-4e38-238c-3e16-8928a8bd520d" testName="Northwind.Tests.Infrastructure.Repositories.OrderRepositoryTests.GetByIdAsync_returns_order_with_details" computerName="f850de638ed5" duration="00:00:00.0092484" startTime="2026-05-08T21:28:38.5412163+00:00" endTime="2026-05-08T21:28:38.5500419+00:00" testType="13cdc9d9-ddb5-4fa4-a97d-d965ccfc6d4b" outcome="Passed" testListId="8c84fa94-04c1-424b-9868-57a2d4851a1d" relativeResultsDirectory="9b7cc559-287b-4674-9a78-49cc18d78f2a" />
    <UnitTestResult executionId="70ef7ec6-21cf-48ab-9c10-4a6fc1954f9f" testId="2659e9f7-bcf0-d85a-069e-252d579ae17b" testName="Northwind.Tests.Application.Services.OrderServiceTests.CreateOrderAsync_calls_geo_when_address_present_and_no_coords" computerName="f850de638ed5" duration="00:00:00.0118032" startTime="2026-05-08T21:28:37.8370390+00:00" endTime="2026-05-08T21:28:37.8480870+00:00" testType="13cdc9d9-ddb5-4fa4-a97d-d965ccfc6d4b" outcome="Passed" testListId="8c84fa94-04c1-424b-9868-57a2d4851a1d" relativeResultsDirectory="70ef7ec6-21cf-48ab-9c10-4a6fc1954f9f" />
    <UnitTestResult executionId="58d07da7-91dd-451d-a23f-952cb61614c9" testId="ada6638d-f0c8-2d8f-a6ef-eb11ee033805" testName="Northwind.Tests.Application.Validators.CreateOrderDtoValidatorTests.More_than_100_lines_fails" computerName="f850de638ed5" duration="00:00:00.0050667" startTime="2026-05-08T21:28:37.7818899+00:00" endTime="2026-05-08T21:28:37.7819290+00:00" testType="13cdc9d9-ddb5-4fa4-a97d-d965ccfc6d4b" outcome="Passed" testListId="8c84fa94-04c1-424b-9868-57a2d4851a1d" relativeResultsDirectory="58d07da7-91dd-451d-a23f-952cb61614c9" />
    <UnitTestResult executionId="17c11c7c-b6de-430f-9c97-5d07f458fcf8" testId="24bfb52d-4f3f-efd3-a8fc-a337c5e1a739" testName="Northwind.Tests.Application.Validators.CreateOrderDtoValidatorTests.Future_OrderDate_fails" computerName="f850de638ed5" duration="00:00:00.0094131" startTime="2026-05-08T21:28:37.7280321+00:00" endTime="2026-05-08T21:28:37.7282086+00:00" testType="13cdc9d9-ddb5-4fa4-a97d-d965ccfc6d4b" outcome="Passed" testListId="8c84fa94-04c1-424b-9868-57a2d4851a1d" relativeResultsDirectory="17c11c7c-b6de-430f-9c97-5d07f458fcf8" />
    <UnitTestResult executionId="5144b487-d3a3-44bd-b66f-2dcc0fbdce0e" testId="6d100368-5fe6-9a21-2e79-965ea271127d" testName="Northwind.Tests.Application.Services.OrderServiceTests.UpdateOrderAsync_throws_NotFoundException_when_not_found" computerName="f850de638ed5" duration="00:00:00.0132857" startTime="2026-05-08T21:28:37.8901074+00:00" endTime="2026-05-08T21:28:37.9033371+00:00" testType="13cdc9d9-ddb5-4fa4-a97d-d965ccfc6d4b" outcome="Passed" testListId="8c84fa94-04c1-424b-9868-57a2d4851a1d" relativeResultsDirectory="5144b487-d3a3-44bd-b66f-2dcc0fbdce0e" />
    <UnitTestResult executionId="7c8fef90-7e18-418f-bc7c-656300769b9f" testId="b0f38788-b8ff-68c5-71c9-8499ffebfd6e" testName="Northwind.Tests.Application.Services.OrderServiceTests.CreateOrderAsync_skips_geo_when_coords_already_provided" computerName="f850de638ed5" duration="00:00:00.0279681" startTime="2026-05-08T21:28:37.7878095+00:00" endTime="2026-05-08T21:28:37.8151658+00:00" testType="13cdc9d9-ddb5-4fa4-a97d-d965ccfc6d4b" outcome="Passed" testListId="8c84fa94-04c1-424b-9868-57a2d4851a1d" relativeResultsDirectory="7c8fef90-7e18-418f-bc7c-656300769b9f" />
    <UnitTestResult executionId="e7545903-9f3a-4684-bc27-990ca0967a08" testId="baedefea-9c49-b748-5a19-9d15fdc6193b" testName="Northwind.Tests.Infrastructure.Repositories.OrderRepositoryTests.GetPagedAsync_filters_by_year" computerName="f850de638ed5" duration="00:00:00.0307403" startTime="2026-05-08T21:28:38.6508828+00:00" endTime="2026-05-08T21:28:38.6815892+00:00" testType="13cdc9d9-ddb5-4fa4-a97d-d965ccfc6d4b" outcome="Passed" testListId="8c84fa94-04c1-424b-9868-57a2d4851a1d" relativeResultsDirectory="e7545903-9f3a-4684-bc27-990ca0967a08" />
    <UnitTestResult executionId="719291bb-21fc-4829-8cbd-35c2cca40a3f" testId="b95091de-bacd-d21f-cf58-6db913c1b7c4" testName="Northwind.Tests.Infrastructure.External.GeoLocationServiceTests.ValidateAddressAsync_throws_DomainException_on_4xx_response" computerName="f850de638ed5" duration="00:00:00.2286178" startTime="2026-05-08T21:28:37.5648378+00:00" endTime="2026-05-08T21:28:37.7990419+00:00" testType="13cdc9d9-ddb5-4fa4-a97d-d965ccfc6d4b" outcome="Passed" testListId="8c84fa94-04c1-424b-9868-57a2d4851a1d" relativeResultsDirectory="719291bb-21fc-4829-8cbd-35c2cca40a3f" />
    <UnitTestResult executionId="27306658-d570-4dd5-bcc4-25926813fe87" testId="1774eb20-0751-9866-bc3f-7d11b6f30f9f" testName="Northwind.Tests.Api.NorthwindApiIntegrationTests.POST_order_returns_201_with_created_order" computerName="f850de638ed5" duration="00:00:00.0350958" startTime="2026-05-08T21:28:41.5576041+00:00" endTime="2026-05-08T21:28:41.5930196+00:00" testType="13cdc9d9-ddb5-4fa4-a97d-d965ccfc6d4b" outcome="Passed" testListId="8c84fa94-04c1-424b-9868-57a2d4851a1d" relativeResultsDirectory="27306658-d570-4dd5-bcc4-25926813fe87" />
    <UnitTestResult executionId="d82aaf26-22bf-43ab-a4e4-2aa602960c9c" testId="d2537f64-14e7-789e-1f31-217365851d59" testName="Northwind.Tests.Application.Services.OrderServiceTests.DeleteOrderAsync_calls_repository_delete" computerName="f850de638ed5" duration="00:00:00.0172483" startTime="2026-05-08T21:28:37.7875574+00:00" endTime="2026-05-08T21:28:37.7876312+00:00" testType="13cdc9d9-ddb5-4fa4-a97d-d965ccfc6d4b" outcome="Passed" testListId="8c84fa94-04c1-424b-9868-57a2d4851a1d" relativeResultsDirectory="d82aaf26-22bf-43ab-a4e4-2aa602960c9c" />
    <UnitTestResult executionId="9d0bfcd0-35c7-485a-b03d-796f8658c07d" testId="ea16ad16-986f-2804-dadf-05375338e350" testName="Northwind.Tests.Application.Validators.CreateOrderDtoValidatorTests.Empty_CustomerID_fails" computerName="f850de638ed5" duration="00:00:00.0013581" startTime="2026-05-08T21:28:37.7820290+00:00" endTime="2026-05-08T21:28:37.7820570+00:00" testType="13cdc9d9-ddb5-4fa4-a97d-d965ccfc6d4b" outcome="Passed" testListId="8c84fa94-04c1-424b-9868-57a2d4851a1d" relativeResultsDirectory="9d0bfcd0-35c7-485a-b03d-796f8658c07d" />
    <UnitTestResult executionId="592dc107-f63e-4876-92b2-df0c0063f9eb" testId="7fb05cd8-6a31-99f4-7d45-ead384f328d6" testName="Northwind.Tests.Application.Services.OrderServiceTests.GetShipmentsByRegionAsync_groups_null_country_as_sin_region" computerName="f850de638ed5" duration="00:00:00.0067968" startTime="2026-05-08T21:28:37.8718518+00:00" endTime="2026-05-08T21:28:37.8784692+00:00" testType="13cdc9d9-ddb5-4fa4-a97d-d965ccfc6d4b" outcome="Passed" testListId="8c84fa94-04c1-424b-9868-57a2d4851a1d" relativeResultsDirectory="592dc107-f63e-4876-92b2-df0c0063f9eb" />
    <UnitTestResult executionId="8243608c-823c-48b0-ba29-32e8a445e7cb" testId="4fa887ef-8609-d5a8-1f8d-6f20366a77fc" testName="Northwind.Tests.Api.NorthwindApiIntegrationTests.DELETE_order_returns_404_for_nonexistent" computerName="f850de638ed5" duration="00:00:00.0098311" startTime="2026-05-08T21:28:41.5473305+00:00" endTime="2026-05-08T21:28:41.5573754+00:00" testType="13cdc9d9-ddb5-4fa4-a97d-d965ccfc6d4b" outcome="Passed" testListId="8c84fa94-04c1-424b-9868-57a2d4851a1d" relativeResultsDirectory="8243608c-823c-48b0-ba29-32e8a445e7cb" />
    <UnitTestResult executionId="fbb212eb-2f85-4f01-86a6-c1da815741e5" testId="5497ae9b-91df-8791-100d-99cbbc8d1e88" testName="Northwind.Tests.Api.NorthwindApiIntegrationTests.GET_order_pdf_returns_pdf_content_type" computerName="f850de638ed5" duration="00:00:02.3515626" startTime="2026-05-08T21:28:38.6052569+00:00" endTime="2026-05-08T21:28:40.9569743+00:00" testType="13cdc9d9-ddb5-4fa4-a97d-d965ccfc6d4b" outcome="Passed" testListId="8c84fa94-04c1-424b-9868-57a2d4851a1d" relativeResultsDirectory="fbb212eb-2f85-4f01-86a6-c1da815741e5" />
    <UnitTestResult executionId="13457f3f-fa00-4d90-9867-e21cf10a38c1" testId="3a8c0f48-7af9-d7d2-0399-fb7519cac0c9" testName="Northwind.Tests.Api.NorthwindApiIntegrationTests.PUT_order_returns_200_with_updated_data" computerName="f850de638ed5" duration="00:00:00.0210876" startTime="2026-05-08T21:28:41.6726131+00:00" endTime="2026-05-08T21:28:41.6940528+00:00" testType="13cdc9d9-ddb5-4fa4-a97d-d965ccfc6d4b" outcome="Passed" testListId="8c84fa94-04c1-424b-9868-57a2d4851a1d" relativeResultsDirectory="13457f3f-fa00-4d90-9867-e21cf10a38c1" />
    <UnitTestResult executionId="e6493dea-8d21-41c2-8913-5c0841a6c61c" testId="4b8fc0e7-935a-a7fd-767f-1de97c775c7e" testName="Northwind.Tests.Infrastructure.Repositories.OrderRepositoryTests.DeleteAsync_removes_order_and_details" computerName="f850de638ed5" duration="00:00:00.0351903" startTime="2026-05-08T21:28:38.6945179+00:00" endTime="2026-05-08T21:28:38.7290153+00:00" testType="13cdc9d9-ddb5-4fa4-a97d-d965ccfc6d4b" outcome="Passed" testListId="8c84fa94-04c1-424b-9868-57a2d4851a1d" relativeResultsDirectory="e6493dea-8d21-41c2-8913-5c0841a6c61c" />
    <UnitTestResult executionId="bfc08d1c-97f4-4b81-967b-981163a1adba" testId="7ee7044e-a9f9-e5c0-1626-68279255efdb" testName="Northwind.Tests.Infrastructure.External.GeoLocationServiceTests.ValidateAddressAsync_throws_DomainException_on_unauthorized" computerName="f850de638ed5" duration="00:00:00.0025998" startTime="2026-05-08T21:28:37.8044834+00:00" endTime="2026-05-08T21:28:37.8069783+00:00" testType="13cdc9d9-ddb5-4fa4-a97d-d965ccfc6d4b" outcome="Passed" testListId="8c84fa94-04c1-424b-9868-57a2d4851a1d" relativeResultsDirectory="bfc08d1c-97f4-4b81-967b-981163a1adba" />
    <UnitTestResult executionId="7f94b40b-eec5-4f89-b945-bc9f921d3cbd" testId="faf2edbd-bd2f-52c8-295a-573abd221b0f" testName="Northwind.Tests.Infrastructure.Repositories.OrderRepositoryTests.CreateAsync_persists_new_order" computerName="f850de638ed5" duration="00:00:00.0120302" startTime="2026-05-08T21:28:38.6817244+00:00" endTime="2026-05-08T21:28:38.6937212+00:00" testType="13cdc9d9-ddb5-4fa4-a97d-d965ccfc6d4b" outcome="Passed" testListId="8c84fa94-04c1-424b-9868-57a2d4851a1d" relativeResultsDirectory="7f94b40b-eec5-4f89-b945-bc9f921d3cbd" />
    <UnitTestResult executionId="8fb6995d-e730-419a-8019-c449122c96bb" testId="48eb4cbe-b75e-e83b-248d-b7b7b661af16" testName="Northwind.Tests.Application.Validators.CreateOrderDtoValidatorTests.OrderDetail_with_zero_ProductID_fails" computerName="f850de638ed5" duration="00:00:00.0015596" startTime="2026-05-08T21:28:37.7824447+00:00" endTime="2026-05-08T21:28:37.7824691+00:00" testType="13cdc9d9-ddb5-4fa4-a97d-d965ccfc6d4b" outcome="Passed" testListId="8c84fa94-04c1-424b-9868-57a2d4851a1d" relativeResultsDirectory="8fb6995d-e730-419a-8019-c449122c96bb" />
    <UnitTestResult executionId="bb6af533-3385-4db3-8b93-a3f8f611a80b" testId="250644ef-0443-edec-9084-0cf1b22c9ae1" testName="Northwind.Tests.Api.NorthwindApiIntegrationTests.GET_lookups_customers_returns_200" computerName="f850de638ed5" duration="00:00:00.0129053" startTime="2026-05-08T21:28:41.6942821+00:00" endTime="2026-05-08T21:28:41.7074102+00:00" testType="13cdc9d9-ddb5-4fa4-a97d-d965ccfc6d4b" outcome="Passed" testListId="8c84fa94-04c1-424b-9868-57a2d4851a1d" relativeResultsDirectory="bb6af533-3385-4db3-8b93-a3f8f611a80b" />
    <UnitTestResult executionId="419f657c-8278-4d4c-96c4-2a49989234ab" testId="fde587f5-52db-f765-54fc-53fe0953bd9d" testName="Northwind.Tests.Api.NorthwindApiIntegrationTests.GET_lookups_employees_returns_200" computerName="f850de638ed5" duration="00:00:00.0256448" startTime="2026-05-08T21:28:38.5784813+00:00" endTime="2026-05-08T21:28:38.6048876+00:00" testType="13cdc9d9-ddb5-4fa4-a97d-d965ccfc6d4b" outcome="Passed" testListId="8c84fa94-04c1-424b-9868-57a2d4851a1d" relativeResultsDirectory="419f657c-8278-4d4c-96c4-2a49989234ab" />
    <UnitTestResult executionId="c83102c5-0a0e-4fc8-b25c-d8d754aaf527" testId="c536b2fc-c4f9-10de-de0e-431edec2f316" testName="Northwind.Tests.Application.Services.OrderServiceTests.CreateOrderAsync_throws_ValidationException_for_invalid_dto" computerName="f850de638ed5" duration="00:00:00.0037202" startTime="2026-05-08T21:28:37.9035070+00:00" endTime="2026-05-08T21:28:37.9071287+00:00" testType="13cdc9d9-ddb5-4fa4-a97d-d965ccfc6d4b" outcome="Passed" testListId="8c84fa94-04c1-424b-9868-57a2d4851a1d" relativeResultsDirectory="c83102c5-0a0e-4fc8-b25c-d8d754aaf527" />
    <UnitTestResult executionId="f12c480e-c6c8-41da-93af-828fa9abf4bb" testId="a3f6f037-3b6c-9cd8-5001-2713ee590315" testName="Northwind.Tests.Application.Validators.CreateOrderDtoValidatorTests.OrderDetail_with_discount_above_1_fails" computerName="f850de638ed5" duration="00:00:00.0043368" startTime="2026-05-08T21:28:37.7265997+00:00" endTime="2026-05-08T21:28:37.7266674+00:00" testType="13cdc9d9-ddb5-4fa4-a97d-d965ccfc6d4b" outcome="Passed" testListId="8c84fa94-04c1-424b-9868-57a2d4851a1d" relativeResultsDirectory="f12c480e-c6c8-41da-93af-828fa9abf4bb" />
    <UnitTestResult executionId="ffa68162-6ea4-49c2-989d-fec70475ebea" testId="73e2a9d8-327a-8a99-0ded-ed9e8aa15220" testName="Northwind.Tests.Application.Services.OrderServiceTests.GetOrderByIdAsync_returns_dto_when_found" computerName="f850de638ed5" duration="00:00:00.0074403" startTime="2026-05-08T21:28:37.8642921+00:00" endTime="2026-05-08T21:28:37.8715489+00:00" testType="13cdc9d9-ddb5-4fa4-a97d-d965ccfc6d4b" outcome="Passed" testListId="8c84fa94-04c1-424b-9868-57a2d4851a1d" relativeResultsDirectory="ffa68162-6ea4-49c2-989d-fec70475ebea" />
    <UnitTestResult executionId="f888f04a-27aa-4c4a-b37f-83114f3b4270" testId="1bafb6f2-c7b1-2703-7c3a-82c1d6f61d42" testName="Northwind.Tests.Application.Services.OrderServiceTests.CreateOrderAsync_creates_and_returns_dto" computerName="f850de638ed5" duration="00:00:00.0112303" startTime="2026-05-08T21:28:37.8786394+00:00" endTime="2026-05-08T21:28:37.8899116+00:00" testType="13cdc9d9-ddb5-4fa4-a97d-d965ccfc6d4b" outcome="Passed" testListId="8c84fa94-04c1-424b-9868-57a2d4851a1d" relativeResultsDirectory="f888f04a-27aa-4c4a-b37f-83114f3b4270" />
    <UnitTestResult executionId="41df896b-215d-4788-94f8-002b854375fe" testId="ca2e6ee9-7d58-06d4-b50d-75948e146389" testName="Northwind.Tests.Application.Services.OrderServiceTests.GetOrderByIdAsync_throws_NotFoundException_when_not_found" computerName="f850de638ed5" duration="00:00:00.0068673" startTime="2026-05-08T21:28:37.8202281+00:00" endTime="2026-05-08T21:28:37.8270864+00:00" testType="13cdc9d9-ddb5-4fa4-a97d-d965ccfc6d4b" outcome="Passed" testListId="8c84fa94-04c1-424b-9868-57a2d4851a1d" relativeResultsDirectory="41df896b-215d-4788-94f8-002b854375fe" />
    <UnitTestResult executionId="7effedb2-28ee-41c1-ba65-0776f8d0a771" testId="2bd183cc-41c8-1bee-06e9-2a9f2911ae2a" testName="Northwind.Tests.Api.NorthwindApiIntegrationTests.GET_order_by_id_returns_404_for_nonexistent" computerName="f850de638ed5" duration="00:00:00.0153330" startTime="2026-05-08T21:28:40.9571651+00:00" endTime="2026-05-08T21:28:40.9727813+00:00" testType="13cdc9d9-ddb5-4fa4-a97d-d965ccfc6d4b" outcome="Passed" testListId="8c84fa94-04c1-424b-9868-57a2d4851a1d" relativeResultsDirectory="7effedb2-28ee-41c1-ba65-0776f8d0a771" />
    <UnitTestResult executionId="5570ecfc-29d5-47b4-9287-2bbb601edfcd" testId="9f56c9cc-c2fe-f754-8218-d5efa12c4179" testName="Northwind.Tests.Api.NorthwindApiIntegrationTests.POST_order_returns_400_with_ProblemDetails_for_invalid_dto" computerName="f850de638ed5" duration="00:00:00.0142479" startTime="2026-05-08T21:28:41.6041616+00:00" endTime="2026-05-08T21:28:41.6180515+00:00" testType="13cdc9d9-ddb5-4fa4-a97d-d965ccfc6d4b" outcome="Passed" testListId="8c84fa94-04c1-424b-9868-57a2d4851a1d" relativeResultsDirectory="5570ecfc-29d5-47b4-9287-2bbb601edfcd" />
    <UnitTestResult executionId="cf3b907e-dcd6-4cb6-9790-727636138af3" testId="e1ae160b-c642-0ee9-af2f-6c336ca7226a" testName="Northwind.Tests.Application.Services.OrderServiceTests.GetOrdersPerTimeAsync_returns_monthly_grouping_by_default" computerName="f850de638ed5" duration="00:00:00.0089036" startTime="2026-05-08T21:28:37.8272373+00:00" endTime="2026-05-08T21:28:37.8361832+00:00" testType="13cdc9d9-ddb5-4fa4-a97d-d965ccfc6d4b" outcome="Passed" testListId="8c84fa94-04c1-424b-9868-57a2d4851a1d" relativeResultsDirectory="cf3b907e-dcd6-4cb6-9790-727636138af3" />
    <UnitTestResult executionId="525e0d02-3580-469d-9d49-1d00d679e92b" testId="94be4cf5-4013-af1e-a62f-fd54a134658c" testName="Northwind.Tests.Api.NorthwindApiIntegrationTests.GET_order_by_id_returns_200_with_order" computerName="f850de638ed5" duration="00:00:00.0209054" startTime="2026-05-08T21:28:41.4969587+00:00" endTime="2026-05-08T21:28:41.5182998+00:00" testType="13cdc9d9-ddb5-4fa4-a97d-d965ccfc6d4b" outcome="Passed" testListId="8c84fa94-04c1-424b-9868-57a2d4851a1d" relativeResultsDirectory="525e0d02-3580-469d-9d49-1d00d679e92b" />
    <UnitTestResult executionId="e0b60ed3-bbe7-4bc9-a209-e72d2795af4b" testId="61c32d5f-2298-6074-41ee-986071eeb102" testName="Northwind.Tests.Api.NorthwindApiIntegrationTests.GET_reports_shipments_by_region_returns_200" computerName="f850de638ed5" duration="00:00:00.0130536" startTime="2026-05-08T21:28:41.5339199+00:00" endTime="2026-05-08T21:28:41.5471119+00:00" testType="13cdc9d9-ddb5-4fa4-a97d-d965ccfc6d4b" outcome="Passed" testListId="8c84fa94-04c1-424b-9868-57a2d4851a1d" relativeResultsDirectory="e0b60ed3-bbe7-4bc9-a209-e72d2795af4b" />
    <UnitTestResult executionId="cf0be1b3-d759-4e34-8d2b-8b828c73d042" testId="323b863d-d9b8-91db-7dc3-2b2a69d59576" testName="Northwind.Tests.Application.Validators.CreateOrderDtoValidatorTests.Empty_OrderDetails_fails" computerName="f850de638ed5" duration="00:00:00.0018105" startTime="2026-05-08T21:28:37.7823450+00:00" endTime="2026-05-08T21:28:37.7823797+00:00" testType="13cdc9d9-ddb5-4fa4-a97d-d965ccfc6d4b" outcome="Passed" testListId="8c84fa94-04c1-424b-9868-57a2d4851a1d" relativeResultsDirectory="cf0be1b3-d759-4e34-8d2b-8b828c73d042" />
    <UnitTestResult executionId="2cf0a6c8-2905-44ca-81fe-dad2d92b1be6" testId="87bbe40a-a1bd-3388-f8d8-22b25d9eda40" testName="Northwind.Tests.Application.Services.OrderServiceTests.DeleteOrderAsync_throws_NotFoundException_when_not_found" computerName="f850de638ed5" duration="00:00:00.2033121" startTime="2026-05-08T21:28:37.5634115+00:00" endTime="2026-05-08T21:28:37.7852030+00:00" testType="13cdc9d9-ddb5-4fa4-a97d-d965ccfc6d4b" outcome="Passed" testListId="8c84fa94-04c1-424b-9868-57a2d4851a1d" relativeResultsDirectory="2cf0a6c8-2905-44ca-81fe-dad2d92b1be6" />
    <UnitTestResult executionId="2d610251-1bda-4bcc-877b-c1bb5223f134" testId="4f21d113-9734-13c5-d431-2f1be5992d58" testName="Northwind.Tests.Api.NorthwindApiIntegrationTests.GET_lookups_products_returns_only_active" computerName="f850de638ed5" duration="00:00:00.0150033" startTime="2026-05-08T21:28:41.6512356+00:00" endTime="2026-05-08T21:28:41.6665237+00:00" testType="13cdc9d9-ddb5-4fa4-a97d-d965ccfc6d4b" outcome="Passed" testListId="8c84fa94-04c1-424b-9868-57a2d4851a1d" relativeResultsDirectory="2d610251-1bda-4bcc-877b-c1bb5223f134" />
    <UnitTestResult executionId="1352e6db-41e8-48e9-8277-02b550febcf3" testId="4bd3447b-6883-a7a8-bd8c-3ae9f0237af0" testName="Northwind.Tests.Application.Validators.CreateOrderDtoValidatorTests.Valid_dto_passes_validation" computerName="f850de638ed5" duration="00:00:00.0098965" startTime="2026-05-08T21:28:37.7822349+00:00" endTime="2026-05-08T21:28:37.7822662+00:00" testType="13cdc9d9-ddb5-4fa4-a97d-d965ccfc6d4b" outcome="Passed" testListId="8c84fa94-04c1-424b-9868-57a2d4851a1d" relativeResultsDirectory="1352e6db-41e8-48e9-8277-02b550febcf3" />
    <UnitTestResult executionId="307cbcb8-65ab-4fdb-95f8-c176a69b5162" testId="8d8e07cb-a252-e0f5-15c2-eb379e223215" testName="Northwind.Tests.Application.Validators.CreateOrderDtoValidatorTests.OrderDetail_with_zero_quantity_fails" computerName="f850de638ed5" duration="00:00:00.0022767" startTime="2026-05-08T21:28:37.7278058+00:00" endTime="2026-05-08T21:28:37.7278882+00:00" testType="13cdc9d9-ddb5-4fa4-a97d-d965ccfc6d4b" outcome="Passed" testListId="8c84fa94-04c1-424b-9868-57a2d4851a1d" relativeResultsDirectory="307cbcb8-65ab-4fdb-95f8-c176a69b5162" />
    <UnitTestResult executionId="f00fd801-02d7-4e5b-9ccc-549883e04ffe" testId="5320315b-585e-4342-7cdf-a16e8eac7596" testName="Northwind.Tests.Infrastructure.External.GeoLocationServiceTests.ValidateAddressAsync_returns_issues_when_inferred_components" computerName="f850de638ed5" duration="00:00:00.0051163" startTime="2026-05-08T21:28:37.7992412+00:00" endTime="2026-05-08T21:28:37.8042804+00:00" testType="13cdc9d9-ddb5-4fa4-a97d-d965ccfc6d4b" outcome="Passed" testListId="8c84fa94-04c1-424b-9868-57a2d4851a1d" relativeResultsDirectory="f00fd801-02d7-4e5b-9ccc-549883e04ffe" />
  </Results>
  <TestDefinitions>
    <UnitTest name="Northwind.Tests.Application.Validators.CreateOrderDtoValidatorTests.OrderDetail_with_zero_ProductID_fails" storage="/app/tests/northwind.tests/bin/debug/net10.0/northwind.tests.dll" id="48eb4cbe-b75e-e83b-248d-b7b7b661af16">
      <Execution id="8fb6995d-e730-419a-8019-c449122c96bb" />
      <TestMethod codeBase="/app/tests/Northwind.Tests/bin/Debug/net10.0/Northwind.Tests.dll" adapterTypeName="executor://xunit/VsTestRunner3/netcore/" className="Northwind.Tests.Application.Validators.CreateOrderDtoValidatorTests" name="OrderDetail_with_zero_ProductID_fails" />
    </UnitTest>
    <UnitTest name="Northwind.Tests.Api.NorthwindApiIntegrationTests.GET_lookups_products_returns_only_active" storage="/app/tests/northwind.tests/bin/debug/net10.0/northwind.tests.dll" id="4f21d113-9734-13c5-d431-2f1be5992d58">
      <Execution id="2d610251-1bda-4bcc-877b-c1bb5223f134" />
      <TestMethod codeBase="/app/tests/Northwind.Tests/bin/Debug/net10.0/Northwind.Tests.dll" adapterTypeName="executor://xunit/VsTestRunner3/netcore/" className="Northwind.Tests.Api.NorthwindApiIntegrationTests" name="GET_lookups_products_returns_only_active" />
    </UnitTest>
    <UnitTest name="Northwind.Tests.Api.NorthwindApiIntegrationTests.POST_order_returns_201_with_created_order" storage="/app/tests/northwind.tests/bin/debug/net10.0/northwind.tests.dll" id="1774eb20-0751-9866-bc3f-7d11b6f30f9f">
      <Execution id="27306658-d570-4dd5-bcc4-25926813fe87" />
      <TestMethod codeBase="/app/tests/Northwind.Tests/bin/Debug/net10.0/Northwind.Tests.dll" adapterTypeName="executor://xunit/VsTestRunner3/netcore/" className="Northwind.Tests.Api.NorthwindApiIntegrationTests" name="POST_order_returns_201_with_created_order" />
    </UnitTest>
    <UnitTest name="Northwind.Tests.Infrastructure.Repositories.OrderRepositoryTests.GetPagedAsync_filters_by_year_and_month" storage="/app/tests/northwind.tests/bin/debug/net10.0/northwind.tests.dll" id="07627f19-4327-8b34-2e45-b077a557d67b">
      <Execution id="597e2c84-15c1-40d9-b099-47ab005ca821" />
      <TestMethod codeBase="/app/tests/Northwind.Tests/bin/Debug/net10.0/Northwind.Tests.dll" adapterTypeName="executor://xunit/VsTestRunner3/netcore/" className="Northwind.Tests.Infrastructure.Repositories.OrderRepositoryTests" name="GetPagedAsync_filters_by_year_and_month" />
    </UnitTest>
    <UnitTest name="Northwind.Tests.Application.Services.OrderServiceTests.GetOrdersPerTimeAsync_returns_monthly_grouping_by_default" storage="/app/tests/northwind.tests/bin/debug/net10.0/northwind.tests.dll" id="e1ae160b-c642-0ee9-af2f-6c336ca7226a">
      <Execution id="cf3b907e-dcd6-4cb6-9790-727636138af3" />
      <TestMethod codeBase="/app/tests/Northwind.Tests/bin/Debug/net10.0/Northwind.Tests.dll" adapterTypeName="executor://xunit/VsTestRunner3/netcore/" className="Northwind.Tests.Application.Services.OrderServiceTests" name="GetOrdersPerTimeAsync_returns_monthly_grouping_by_default" />
    </UnitTest>
    <UnitTest name="Northwind.Tests.Api.NorthwindApiIntegrationTests.PUT_order_returns_200_with_updated_data" storage="/app/tests/northwind.tests/bin/debug/net10.0/northwind.tests.dll" id="3a8c0f48-7af9-d7d2-0399-fb7519cac0c9">
      <Execution id="13457f3f-fa00-4d90-9867-e21cf10a38c1" />
      <TestMethod codeBase="/app/tests/Northwind.Tests/bin/Debug/net10.0/Northwind.Tests.dll" adapterTypeName="executor://xunit/VsTestRunner3/netcore/" className="Northwind.Tests.Api.NorthwindApiIntegrationTests" name="PUT_order_returns_200_with_updated_data" />
    </UnitTest>
    <UnitTest name="Northwind.Tests.Infrastructure.Repositories.OrderRepositoryTests.GetByIdAsync_returns_null_for_nonexistent" storage="/app/tests/northwind.tests/bin/debug/net10.0/northwind.tests.dll" id="023ea08f-7df8-d770-c02f-5a8857c3f9d5">
      <Execution id="03fc71a2-db2f-487a-995c-a812a05fc937" />
      <TestMethod codeBase="/app/tests/Northwind.Tests/bin/Debug/net10.0/Northwind.Tests.dll" adapterTypeName="executor://xunit/VsTestRunner3/netcore/" className="Northwind.Tests.Infrastructure.Repositories.OrderRepositoryTests" name="GetByIdAsync_returns_null_for_nonexistent" />
    </UnitTest>
    <UnitTest name="Northwind.Tests.Api.NorthwindApiIntegrationTests.GET_reports_orders_per_time_returns_200" storage="/app/tests/northwind.tests/bin/debug/net10.0/northwind.tests.dll" id="980af34d-979c-3a56-c6a0-2325458a665e">
      <Execution id="e36140d2-fa8c-48ff-a3d6-bdd5efde79bc" />
      <TestMethod codeBase="/app/tests/Northwind.Tests/bin/Debug/net10.0/Northwind.Tests.dll" adapterTypeName="executor://xunit/VsTestRunner3/netcore/" className="Northwind.Tests.Api.NorthwindApiIntegrationTests" name="GET_reports_orders_per_time_returns_200" />
    </UnitTest>
    <UnitTest name="Northwind.Tests.Application.Services.OrderServiceTests.GetShipmentsByRegionAsync_groups_null_country_as_sin_region" storage="/app/tests/northwind.tests/bin/debug/net10.0/northwind.tests.dll" id="7fb05cd8-6a31-99f4-7d45-ead384f328d6">
      <Execution id="592dc107-f63e-4876-92b2-df0c0063f9eb" />
      <TestMethod codeBase="/app/tests/Northwind.Tests/bin/Debug/net10.0/Northwind.Tests.dll" adapterTypeName="executor://xunit/VsTestRunner3/netcore/" className="Northwind.Tests.Application.Services.OrderServiceTests" name="GetShipmentsByRegionAsync_groups_null_country_as_sin_region" />
    </UnitTest>
    <UnitTest name="Northwind.Tests.Application.Services.OrderServiceTests.GetOrdersAsync_returns_paged_result" storage="/app/tests/northwind.tests/bin/debug/net10.0/northwind.tests.dll" id="5af6659d-45dc-6d49-7829-5245deb4e4a3">
      <Execution id="caf9ccfb-3933-4623-bb6c-6158fa83c5f5" />
      <TestMethod codeBase="/app/tests/Northwind.Tests/bin/Debug/net10.0/Northwind.Tests.dll" adapterTypeName="executor://xunit/VsTestRunner3/netcore/" className="Northwind.Tests.Application.Services.OrderServiceTests" name="GetOrdersAsync_returns_paged_result" />
    </UnitTest>
    <UnitTest name="Northwind.Tests.Application.Services.OrderServiceTests.GetOrderByIdAsync_throws_NotFoundException_when_not_found" storage="/app/tests/northwind.tests/bin/debug/net10.0/northwind.tests.dll" id="ca2e6ee9-7d58-06d4-b50d-75948e146389">
      <Execution id="41df896b-215d-4788-94f8-002b854375fe" />
      <TestMethod codeBase="/app/tests/Northwind.Tests/bin/Debug/net10.0/Northwind.Tests.dll" adapterTypeName="executor://xunit/VsTestRunner3/netcore/" className="Northwind.Tests.Application.Services.OrderServiceTests" name="GetOrderByIdAsync_throws_NotFoundException_when_not_found" />
    </UnitTest>
    <UnitTest name="Northwind.Tests.Application.Validators.CreateOrderDtoValidatorTests.OrderDetail_with_discount_above_1_fails" storage="/app/tests/northwind.tests/bin/debug/net10.0/northwind.tests.dll" id="a3f6f037-3b6c-9cd8-5001-2713ee590315">
      <Execution id="f12c480e-c6c8-41da-93af-828fa9abf4bb" />
      <TestMethod codeBase="/app/tests/Northwind.Tests/bin/Debug/net10.0/Northwind.Tests.dll" adapterTypeName="executor://xunit/VsTestRunner3/netcore/" className="Northwind.Tests.Application.Validators.CreateOrderDtoValidatorTests" name="OrderDetail_with_discount_above_1_fails" />
    </UnitTest>
    <UnitTest name="Northwind.Tests.Application.Validators.CreateOrderDtoValidatorTests.Valid_dto_passes_validation" storage="/app/tests/northwind.tests/bin/debug/net10.0/northwind.tests.dll" id="4bd3447b-6883-a7a8-bd8c-3ae9f0237af0">
      <Execution id="1352e6db-41e8-48e9-8277-02b550febcf3" />
      <TestMethod codeBase="/app/tests/Northwind.Tests/bin/Debug/net10.0/Northwind.Tests.dll" adapterTypeName="executor://xunit/VsTestRunner3/netcore/" className="Northwind.Tests.Application.Validators.CreateOrderDtoValidatorTests" name="Valid_dto_passes_validation" />
    </UnitTest>
    <UnitTest name="Northwind.Tests.Api.NorthwindApiIntegrationTests.GET_orders_returns_200_with_paged_result" storage="/app/tests/northwind.tests/bin/debug/net10.0/northwind.tests.dll" id="5285b130-65d1-af77-93fb-b3b6cefc46ba">
      <Execution id="036958f6-c3c5-4527-95de-0f71db2cd5e3" />
      <TestMethod codeBase="/app/tests/Northwind.Tests/bin/Debug/net10.0/Northwind.Tests.dll" adapterTypeName="executor://xunit/VsTestRunner3/netcore/" className="Northwind.Tests.Api.NorthwindApiIntegrationTests" name="GET_orders_returns_200_with_paged_result" />
    </UnitTest>
    <UnitTest name="Northwind.Tests.Infrastructure.Repositories.OrderRepositoryTests.GetPagedAsync_filters_by_year" storage="/app/tests/northwind.tests/bin/debug/net10.0/northwind.tests.dll" id="baedefea-9c49-b748-5a19-9d15fdc6193b">
      <Execution id="e7545903-9f3a-4684-bc27-990ca0967a08" />
      <TestMethod codeBase="/app/tests/Northwind.Tests/bin/Debug/net10.0/Northwind.Tests.dll" adapterTypeName="executor://xunit/VsTestRunner3/netcore/" className="Northwind.Tests.Infrastructure.Repositories.OrderRepositoryTests" name="GetPagedAsync_filters_by_year" />
    </UnitTest>
    <UnitTest name="Northwind.Tests.Api.NorthwindApiIntegrationTests.POST_location_validate_returns_200_with_coordinates" storage="/app/tests/northwind.tests/bin/debug/net10.0/northwind.tests.dll" id="0ffdf295-e65e-22b7-a7e4-884fd408b379">
      <Execution id="9c6f381d-e6f8-400a-8a95-cd0d5cfae82f" />
      <TestMethod codeBase="/app/tests/Northwind.Tests/bin/Debug/net10.0/Northwind.Tests.dll" adapterTypeName="executor://xunit/VsTestRunner3/netcore/" className="Northwind.Tests.Api.NorthwindApiIntegrationTests" name="POST_location_validate_returns_200_with_coordinates" />
    </UnitTest>
    <UnitTest name="Northwind.Tests.Application.Services.OrderServiceTests.DeleteOrderAsync_throws_NotFoundException_when_not_found" storage="/app/tests/northwind.tests/bin/debug/net10.0/northwind.tests.dll" id="87bbe40a-a1bd-3388-f8d8-22b25d9eda40">
      <Execution id="2cf0a6c8-2905-44ca-81fe-dad2d92b1be6" />
      <TestMethod codeBase="/app/tests/Northwind.Tests/bin/Debug/net10.0/Northwind.Tests.dll" adapterTypeName="executor://xunit/VsTestRunner3/netcore/" className="Northwind.Tests.Application.Services.OrderServiceTests" name="DeleteOrderAsync_throws_NotFoundException_when_not_found" />
    </UnitTest>
    <UnitTest name="Northwind.Tests.Api.NorthwindApiIntegrationTests.DELETE_order_returns_404_for_nonexistent" storage="/app/tests/northwind.tests/bin/debug/net10.0/northwind.tests.dll" id="4fa887ef-8609-d5a8-1f8d-6f20366a77fc">
      <Execution id="8243608c-823c-48b0-ba29-32e8a445e7cb" />
      <TestMethod codeBase="/app/tests/Northwind.Tests/bin/Debug/net10.0/Northwind.Tests.dll" adapterTypeName="executor://xunit/VsTestRunner3/netcore/" className="Northwind.Tests.Api.NorthwindApiIntegrationTests" name="DELETE_order_returns_404_for_nonexistent" />
    </UnitTest>
    <UnitTest name="Northwind.Tests.Infrastructure.Repositories.OrderRepositoryTests.GetPagedAsync_respects_pagination" storage="/app/tests/northwind.tests/bin/debug/net10.0/northwind.tests.dll" id="7b1cd05c-417b-71c0-e336-055a3d937c82">
      <Execution id="da06a827-826d-4117-b530-117f959acc42" />
      <TestMethod codeBase="/app/tests/Northwind.Tests/bin/Debug/net10.0/Northwind.Tests.dll" adapterTypeName="executor://xunit/VsTestRunner3/netcore/" className="Northwind.Tests.Infrastructure.Repositories.OrderRepositoryTests" name="GetPagedAsync_respects_pagination" />
    </UnitTest>
    <UnitTest name="Northwind.Tests.Application.Validators.CreateOrderDtoValidatorTests.Negative_Freight_fails" storage="/app/tests/northwind.tests/bin/debug/net10.0/northwind.tests.dll" id="a3aebe77-0490-9353-21bd-61356f14b043">
      <Execution id="dd7519bd-d540-4d3f-880a-26b8bcc3dd17" />
      <TestMethod codeBase="/app/tests/Northwind.Tests/bin/Debug/net10.0/Northwind.Tests.dll" adapterTypeName="executor://xunit/VsTestRunner3/netcore/" className="Northwind.Tests.Application.Validators.CreateOrderDtoValidatorTests" name="Negative_Freight_fails" />
    </UnitTest>
    <UnitTest name="Northwind.Tests.Application.Validators.CreateOrderDtoValidatorTests.EmployeeID_zero_fails" storage="/app/tests/northwind.tests/bin/debug/net10.0/northwind.tests.dll" id="042c9fba-373c-40b9-fb9e-7a934619d319">
      <Execution id="c556a1e6-0dd1-4dbd-a2e3-fc80efac87bd" />
      <TestMethod codeBase="/app/tests/Northwind.Tests/bin/Debug/net10.0/Northwind.Tests.dll" adapterTypeName="executor://xunit/VsTestRunner3/netcore/" className="Northwind.Tests.Application.Validators.CreateOrderDtoValidatorTests" name="EmployeeID_zero_fails" />
    </UnitTest>
    <UnitTest name="Northwind.Tests.Infrastructure.External.GeoLocationServiceTests.ValidateAddressAsync_returns_coordinates_on_success" storage="/app/tests/northwind.tests/bin/debug/net10.0/northwind.tests.dll" id="23789661-4b9d-0e68-3154-ffe494050575">
      <Execution id="23d5aaf2-cafc-478b-a18d-28ce93042c58" />
      <TestMethod codeBase="/app/tests/Northwind.Tests/bin/Debug/net10.0/Northwind.Tests.dll" adapterTypeName="executor://xunit/VsTestRunner3/netcore/" className="Northwind.Tests.Infrastructure.External.GeoLocationServiceTests" name="ValidateAddressAsync_returns_coordinates_on_success" />
    </UnitTest>
    <UnitTest name="Northwind.Tests.Api.NorthwindApiIntegrationTests.GET_reports_shipments_by_region_returns_200" storage="/app/tests/northwind.tests/bin/debug/net10.0/northwind.tests.dll" id="61c32d5f-2298-6074-41ee-986071eeb102">
      <Execution id="e0b60ed3-bbe7-4bc9-a209-e72d2795af4b" />
      <TestMethod codeBase="/app/tests/Northwind.Tests/bin/Debug/net10.0/Northwind.Tests.dll" adapterTypeName="executor://xunit/VsTestRunner3/netcore/" className="Northwind.Tests.Api.NorthwindApiIntegrationTests" name="GET_reports_shipments_by_region_returns_200" />
    </UnitTest>
    <UnitTest name="Northwind.Tests.Application.Validators.CreateOrderDtoValidatorTests.RequiredDate_before_OrderDate_fails" storage="/app/tests/northwind.tests/bin/debug/net10.0/northwind.tests.dll" id="d72e3e29-c86b-814d-5aa5-6288cc0c96ae">
      <Execution id="ab811dcc-19e3-4785-883a-c2b854c7686f" />
      <TestMethod codeBase="/app/tests/Northwind.Tests/bin/Debug/net10.0/Northwind.Tests.dll" adapterTypeName="executor://xunit/VsTestRunner3/netcore/" className="Northwind.Tests.Application.Validators.CreateOrderDtoValidatorTests" name="RequiredDate_before_OrderDate_fails" />
    </UnitTest>
    <UnitTest name="Northwind.Tests.Application.Validators.CreateOrderDtoValidatorTests.OrderDetail_with_zero_quantity_fails" storage="/app/tests/northwind.tests/bin/debug/net10.0/northwind.tests.dll" id="8d8e07cb-a252-e0f5-15c2-eb379e223215">
      <Execution id="307cbcb8-65ab-4fdb-95f8-c176a69b5162" />
      <TestMethod codeBase="/app/tests/Northwind.Tests/bin/Debug/net10.0/Northwind.Tests.dll" adapterTypeName="executor://xunit/VsTestRunner3/netcore/" className="Northwind.Tests.Application.Validators.CreateOrderDtoValidatorTests" name="OrderDetail_with_zero_quantity_fails" />
    </UnitTest>
    <UnitTest name="Northwind.Tests.Api.NorthwindApiIntegrationTests.GET_lookups_customers_returns_200" storage="/app/tests/northwind.tests/bin/debug/net10.0/northwind.tests.dll" id="250644ef-0443-edec-9084-0cf1b22c9ae1">
      <Execution id="bb6af533-3385-4db3-8b93-a3f8f611a80b" />
      <TestMethod codeBase="/app/tests/Northwind.Tests/bin/Debug/net10.0/Northwind.Tests.dll" adapterTypeName="executor://xunit/VsTestRunner3/netcore/" className="Northwind.Tests.Api.NorthwindApiIntegrationTests" name="GET_lookups_customers_returns_200" />
    </UnitTest>
    <UnitTest name="Northwind.Tests.Application.Services.OrderServiceTests.UpdateOrderAsync_throws_NotFoundException_when_not_found" storage="/app/tests/northwind.tests/bin/debug/net10.0/northwind.tests.dll" id="6d100368-5fe6-9a21-2e79-965ea271127d">
      <Execution id="5144b487-d3a3-44bd-b66f-2dcc0fbdce0e" />
      <TestMethod codeBase="/app/tests/Northwind.Tests/bin/Debug/net10.0/Northwind.Tests.dll" adapterTypeName="executor://xunit/VsTestRunner3/netcore/" className="Northwind.Tests.Application.Services.OrderServiceTests" name="UpdateOrderAsync_throws_NotFoundException_when_not_found" />
    </UnitTest>
    <UnitTest name="Northwind.Tests.Application.Services.OrderServiceTests.CreateOrderAsync_throws_ValidationException_for_invalid_dto" storage="/app/tests/northwind.tests/bin/debug/net10.0/northwind.tests.dll" id="c536b2fc-c4f9-10de-de0e-431edec2f316">
      <Execution id="c83102c5-0a0e-4fc8-b25c-d8d754aaf527" />
      <TestMethod codeBase="/app/tests/Northwind.Tests/bin/Debug/net10.0/Northwind.Tests.dll" adapterTypeName="executor://xunit/VsTestRunner3/netcore/" className="Northwind.Tests.Application.Services.OrderServiceTests" name="CreateOrderAsync_throws_ValidationException_for_invalid_dto" />
    </UnitTest>
    <UnitTest name="Northwind.Tests.Application.Validators.CreateOrderDtoValidatorTests.More_than_100_lines_fails" storage="/app/tests/northwind.tests/bin/debug/net10.0/northwind.tests.dll" id="ada6638d-f0c8-2d8f-a6ef-eb11ee033805">
      <Execution id="58d07da7-91dd-451d-a23f-952cb61614c9" />
      <TestMethod codeBase="/app/tests/Northwind.Tests/bin/Debug/net10.0/Northwind.Tests.dll" adapterTypeName="executor://xunit/VsTestRunner3/netcore/" className="Northwind.Tests.Application.Validators.CreateOrderDtoValidatorTests" name="More_than_100_lines_fails" />
    </UnitTest>
    <UnitTest name="Northwind.Tests.Application.Validators.CreateOrderDtoValidatorTests.Empty_OrderDetails_fails" storage="/app/tests/northwind.tests/bin/debug/net10.0/northwind.tests.dll" id="323b863d-d9b8-91db-7dc3-2b2a69d59576">
      <Execution id="cf0be1b3-d759-4e34-8d2b-8b828c73d042" />
      <TestMethod codeBase="/app/tests/Northwind.Tests/bin/Debug/net10.0/Northwind.Tests.dll" adapterTypeName="executor://xunit/VsTestRunner3/netcore/" className="Northwind.Tests.Application.Validators.CreateOrderDtoValidatorTests" name="Empty_OrderDetails_fails" />
    </UnitTest>
    <UnitTest name="Northwind.Tests.Application.Validators.CreateOrderDtoValidatorTests.Future_OrderDate_fails" storage="/app/tests/northwind.tests/bin/debug/net10.0/northwind.tests.dll" id="24bfb52d-4f3f-efd3-a8fc-a337c5e1a739">
      <Execution id="17c11c7c-b6de-430f-9c97-5d07f458fcf8" />
      <TestMethod codeBase="/app/tests/Northwind.Tests/bin/Debug/net10.0/Northwind.Tests.dll" adapterTypeName="executor://xunit/VsTestRunner3/netcore/" className="Northwind.Tests.Application.Validators.CreateOrderDtoValidatorTests" name="Future_OrderDate_fails" />
    </UnitTest>
    <UnitTest name="Northwind.Tests.Application.Services.OrderServiceTests.GenerateOrderPdfAsync_throws_NotFoundException_for_missing_order" storage="/app/tests/northwind.tests/bin/debug/net10.0/northwind.tests.dll" id="978295ef-49d4-72ba-fe55-729532aa719b">
      <Execution id="3168e307-1b03-4b86-9877-e14e081abe6b" />
      <TestMethod codeBase="/app/tests/Northwind.Tests/bin/Debug/net10.0/Northwind.Tests.dll" adapterTypeName="executor://xunit/VsTestRunner3/netcore/" className="Northwind.Tests.Application.Services.OrderServiceTests" name="GenerateOrderPdfAsync_throws_NotFoundException_for_missing_order" />
    </UnitTest>
    <UnitTest name="Northwind.Tests.Application.Validators.CreateOrderDtoValidatorTests.CustomerID_longer_than_5_chars_fails" storage="/app/tests/northwind.tests/bin/debug/net10.0/northwind.tests.dll" id="cd1e4fa4-42c0-9e26-3c82-8e31dbc57696">
      <Execution id="4e12ebda-c879-4bf6-8765-cf9f2833a90d" />
      <TestMethod codeBase="/app/tests/Northwind.Tests/bin/Debug/net10.0/Northwind.Tests.dll" adapterTypeName="executor://xunit/VsTestRunner3/netcore/" className="Northwind.Tests.Application.Validators.CreateOrderDtoValidatorTests" name="CustomerID_longer_than_5_chars_fails" />
    </UnitTest>
    <UnitTest name="Northwind.Tests.Api.NorthwindApiIntegrationTests.GET_order_by_id_returns_200_with_order" storage="/app/tests/northwind.tests/bin/debug/net10.0/northwind.tests.dll" id="94be4cf5-4013-af1e-a62f-fd54a134658c">
      <Execution id="525e0d02-3580-469d-9d49-1d00d679e92b" />
      <TestMethod codeBase="/app/tests/Northwind.Tests/bin/Debug/net10.0/Northwind.Tests.dll" adapterTypeName="executor://xunit/VsTestRunner3/netcore/" className="Northwind.Tests.Api.NorthwindApiIntegrationTests" name="GET_order_by_id_returns_200_with_order" />
    </UnitTest>
    <UnitTest name="Northwind.Tests.Application.Validators.CreateOrderDtoValidatorTests.Empty_CustomerID_fails" storage="/app/tests/northwind.tests/bin/debug/net10.0/northwind.tests.dll" id="ea16ad16-986f-2804-dadf-05375338e350">
      <Execution id="9d0bfcd0-35c7-485a-b03d-796f8658c07d" />
      <TestMethod codeBase="/app/tests/Northwind.Tests/bin/Debug/net10.0/Northwind.Tests.dll" adapterTypeName="executor://xunit/VsTestRunner3/netcore/" className="Northwind.Tests.Application.Validators.CreateOrderDtoValidatorTests" name="Empty_CustomerID_fails" />
    </UnitTest>
    <UnitTest name="Northwind.Tests.Api.NorthwindApiIntegrationTests.GET_order_pdf_returns_pdf_content_type" storage="/app/tests/northwind.tests/bin/debug/net10.0/northwind.tests.dll" id="5497ae9b-91df-8791-100d-99cbbc8d1e88">
      <Execution id="fbb212eb-2f85-4f01-86a6-c1da815741e5" />
      <TestMethod codeBase="/app/tests/Northwind.Tests/bin/Debug/net10.0/Northwind.Tests.dll" adapterTypeName="executor://xunit/VsTestRunner3/netcore/" className="Northwind.Tests.Api.NorthwindApiIntegrationTests" name="GET_order_pdf_returns_pdf_content_type" />
    </UnitTest>
    <UnitTest name="Northwind.Tests.Infrastructure.Repositories.OrderRepositoryTests.GetPagedAsync_filters_by_region" storage="/app/tests/northwind.tests/bin/debug/net10.0/northwind.tests.dll" id="48e68961-3bc6-54e8-a2f3-ec44e47657c5">
      <Execution id="f7834efc-36a6-4eca-b26f-4a54bb62f5f1" />
      <TestMethod codeBase="/app/tests/Northwind.Tests/bin/Debug/net10.0/Northwind.Tests.dll" adapterTypeName="executor://xunit/VsTestRunner3/netcore/" className="Northwind.Tests.Infrastructure.Repositories.OrderRepositoryTests" name="GetPagedAsync_filters_by_region" />
    </UnitTest>
    <UnitTest name="Northwind.Tests.Application.Services.OrderServiceTests.CreateOrderAsync_calls_geo_when_address_present_and_no_coords" storage="/app/tests/northwind.tests/bin/debug/net10.0/northwind.tests.dll" id="2659e9f7-bcf0-d85a-069e-252d579ae17b">
      <Execution id="70ef7ec6-21cf-48ab-9c10-4a6fc1954f9f" />
      <TestMethod codeBase="/app/tests/Northwind.Tests/bin/Debug/net10.0/Northwind.Tests.dll" adapterTypeName="executor://xunit/VsTestRunner3/netcore/" className="Northwind.Tests.Application.Services.OrderServiceTests" name="CreateOrderAsync_calls_geo_when_address_present_and_no_coords" />
    </UnitTest>
    <UnitTest name="Northwind.Tests.Infrastructure.External.GeoLocationServiceTests.ValidateAddressAsync_returns_issues_when_inferred_components" storage="/app/tests/northwind.tests/bin/debug/net10.0/northwind.tests.dll" id="5320315b-585e-4342-7cdf-a16e8eac7596">
      <Execution id="f00fd801-02d7-4e5b-9ccc-549883e04ffe" />
      <TestMethod codeBase="/app/tests/Northwind.Tests/bin/Debug/net10.0/Northwind.Tests.dll" adapterTypeName="executor://xunit/VsTestRunner3/netcore/" className="Northwind.Tests.Infrastructure.External.GeoLocationServiceTests" name="ValidateAddressAsync_returns_issues_when_inferred_components" />
    </UnitTest>
    <UnitTest name="Northwind.Tests.Infrastructure.Repositories.OrderRepositoryTests.GetByIdAsync_returns_order_with_details" storage="/app/tests/northwind.tests/bin/debug/net10.0/northwind.tests.dll" id="826ff874-4e38-238c-3e16-8928a8bd520d">
      <Execution id="9b7cc559-287b-4674-9a78-49cc18d78f2a" />
      <TestMethod codeBase="/app/tests/Northwind.Tests/bin/Debug/net10.0/Northwind.Tests.dll" adapterTypeName="executor://xunit/VsTestRunner3/netcore/" className="Northwind.Tests.Infrastructure.Repositories.OrderRepositoryTests" name="GetByIdAsync_returns_order_with_details" />
    </UnitTest>
    <UnitTest name="Northwind.Tests.Api.NorthwindApiIntegrationTests.GET_orders_with_year_filter_returns_matching_orders" storage="/app/tests/northwind.tests/bin/debug/net10.0/northwind.tests.dll" id="41027ddf-bd63-846f-c9e1-19ed5ab9486d">
      <Execution id="ff285796-fc02-4409-94f6-ed4e9b3b85b7" />
      <TestMethod codeBase="/app/tests/Northwind.Tests/bin/Debug/net10.0/Northwind.Tests.dll" adapterTypeName="executor://xunit/VsTestRunner3/netcore/" className="Northwind.Tests.Api.NorthwindApiIntegrationTests" name="GET_orders_with_year_filter_returns_matching_orders" />
    </UnitTest>
    <UnitTest name="Northwind.Tests.Application.Services.OrderServiceTests.GetOrderByIdAsync_returns_dto_when_found" storage="/app/tests/northwind.tests/bin/debug/net10.0/northwind.tests.dll" id="73e2a9d8-327a-8a99-0ded-ed9e8aa15220">
      <Execution id="ffa68162-6ea4-49c2-989d-fec70475ebea" />
      <TestMethod codeBase="/app/tests/Northwind.Tests/bin/Debug/net10.0/Northwind.Tests.dll" adapterTypeName="executor://xunit/VsTestRunner3/netcore/" className="Northwind.Tests.Application.Services.OrderServiceTests" name="GetOrderByIdAsync_returns_dto_when_found" />
    </UnitTest>
    <UnitTest name="Northwind.Tests.Infrastructure.Repositories.OrderRepositoryTests.CreateAsync_persists_new_order" storage="/app/tests/northwind.tests/bin/debug/net10.0/northwind.tests.dll" id="faf2edbd-bd2f-52c8-295a-573abd221b0f">
      <Execution id="7f94b40b-eec5-4f89-b945-bc9f921d3cbd" />
      <TestMethod codeBase="/app/tests/Northwind.Tests/bin/Debug/net10.0/Northwind.Tests.dll" adapterTypeName="executor://xunit/VsTestRunner3/netcore/" className="Northwind.Tests.Infrastructure.Repositories.OrderRepositoryTests" name="CreateAsync_persists_new_order" />
    </UnitTest>
    <UnitTest name="Northwind.Tests.Application.Services.OrderServiceTests.DeleteOrderAsync_calls_repository_delete" storage="/app/tests/northwind.tests/bin/debug/net10.0/northwind.tests.dll" id="d2537f64-14e7-789e-1f31-217365851d59">
      <Execution id="d82aaf26-22bf-43ab-a4e4-2aa602960c9c" />
      <TestMethod codeBase="/app/tests/Northwind.Tests/bin/Debug/net10.0/Northwind.Tests.dll" adapterTypeName="executor://xunit/VsTestRunner3/netcore/" className="Northwind.Tests.Application.Services.OrderServiceTests" name="DeleteOrderAsync_calls_repository_delete" />
    </UnitTest>
    <UnitTest name="Northwind.Tests.Application.Services.OrderServiceTests.CreateOrderAsync_creates_and_returns_dto" storage="/app/tests/northwind.tests/bin/debug/net10.0/northwind.tests.dll" id="1bafb6f2-c7b1-2703-7c3a-82c1d6f61d42">
      <Execution id="f888f04a-27aa-4c4a-b37f-83114f3b4270" />
      <TestMethod codeBase="/app/tests/Northwind.Tests/bin/Debug/net10.0/Northwind.Tests.dll" adapterTypeName="executor://xunit/VsTestRunner3/netcore/" className="Northwind.Tests.Application.Services.OrderServiceTests" name="CreateOrderAsync_creates_and_returns_dto" />
    </UnitTest>
    <UnitTest name="Northwind.Tests.Api.NorthwindApiIntegrationTests.GET_order_by_id_returns_404_for_nonexistent" storage="/app/tests/northwind.tests/bin/debug/net10.0/northwind.tests.dll" id="2bd183cc-41c8-1bee-06e9-2a9f2911ae2a">
      <Execution id="7effedb2-28ee-41c1-ba65-0776f8d0a771" />
      <TestMethod codeBase="/app/tests/Northwind.Tests/bin/Debug/net10.0/Northwind.Tests.dll" adapterTypeName="executor://xunit/VsTestRunner3/netcore/" className="Northwind.Tests.Api.NorthwindApiIntegrationTests" name="GET_order_by_id_returns_404_for_nonexistent" />
    </UnitTest>
    <UnitTest name="Northwind.Tests.Api.NorthwindApiIntegrationTests.GET_lookups_employees_returns_200" storage="/app/tests/northwind.tests/bin/debug/net10.0/northwind.tests.dll" id="fde587f5-52db-f765-54fc-53fe0953bd9d">
      <Execution id="419f657c-8278-4d4c-96c4-2a49989234ab" />
      <TestMethod codeBase="/app/tests/Northwind.Tests/bin/Debug/net10.0/Northwind.Tests.dll" adapterTypeName="executor://xunit/VsTestRunner3/netcore/" className="Northwind.Tests.Api.NorthwindApiIntegrationTests" name="GET_lookups_employees_returns_200" />
    </UnitTest>
    <UnitTest name="Northwind.Tests.Application.Validators.CreateOrderDtoValidatorTests.OrderDetail_with_negative_price_fails" storage="/app/tests/northwind.tests/bin/debug/net10.0/northwind.tests.dll" id="6285c27c-ef42-db52-5ae7-5015b8588012">
      <Execution id="42657b3b-a15b-4e18-8acd-c3e78933df91" />
      <TestMethod codeBase="/app/tests/Northwind.Tests/bin/Debug/net10.0/Northwind.Tests.dll" adapterTypeName="executor://xunit/VsTestRunner3/netcore/" className="Northwind.Tests.Application.Validators.CreateOrderDtoValidatorTests" name="OrderDetail_with_negative_price_fails" />
    </UnitTest>
    <UnitTest name="Northwind.Tests.Api.NorthwindApiIntegrationTests.DELETE_order_returns_204" storage="/app/tests/northwind.tests/bin/debug/net10.0/northwind.tests.dll" id="350ad9ce-4eef-d06c-1107-05a9fe8a438a">
      <Execution id="05895456-ba64-41c8-9569-6719b9b61ad0" />
      <TestMethod codeBase="/app/tests/Northwind.Tests/bin/Debug/net10.0/Northwind.Tests.dll" adapterTypeName="executor://xunit/VsTestRunner3/netcore/" className="Northwind.Tests.Api.NorthwindApiIntegrationTests" name="DELETE_order_returns_204" />
    </UnitTest>
    <UnitTest name="Northwind.Tests.Api.NorthwindApiIntegrationTests.PUT_order_returns_404_for_nonexistent" storage="/app/tests/northwind.tests/bin/debug/net10.0/northwind.tests.dll" id="da34eb5f-54aa-a9ed-37fb-3b98ff032dea">
      <Execution id="ad481716-2ecc-48c7-a1a3-35c54c6e4553" />
      <TestMethod codeBase="/app/tests/Northwind.Tests/bin/Debug/net10.0/Northwind.Tests.dll" adapterTypeName="executor://xunit/VsTestRunner3/netcore/" className="Northwind.Tests.Api.NorthwindApiIntegrationTests" name="PUT_order_returns_404_for_nonexistent" />
    </UnitTest>
    <UnitTest name="Northwind.Tests.Api.NorthwindApiIntegrationTests.POST_order_returns_400_with_ProblemDetails_for_invalid_dto" storage="/app/tests/northwind.tests/bin/debug/net10.0/northwind.tests.dll" id="9f56c9cc-c2fe-f754-8218-d5efa12c4179">
      <Execution id="5570ecfc-29d5-47b4-9287-2bbb601edfcd" />
      <TestMethod codeBase="/app/tests/Northwind.Tests/bin/Debug/net10.0/Northwind.Tests.dll" adapterTypeName="executor://xunit/VsTestRunner3/netcore/" className="Northwind.Tests.Api.NorthwindApiIntegrationTests" name="POST_order_returns_400_with_ProblemDetails_for_invalid_dto" />
    </UnitTest>
    <UnitTest name="Northwind.Tests.Infrastructure.External.GeoLocationServiceTests.ValidateAddressAsync_throws_DomainException_on_unauthorized" storage="/app/tests/northwind.tests/bin/debug/net10.0/northwind.tests.dll" id="7ee7044e-a9f9-e5c0-1626-68279255efdb">
      <Execution id="bfc08d1c-97f4-4b81-967b-981163a1adba" />
      <TestMethod codeBase="/app/tests/Northwind.Tests/bin/Debug/net10.0/Northwind.Tests.dll" adapterTypeName="executor://xunit/VsTestRunner3/netcore/" className="Northwind.Tests.Infrastructure.External.GeoLocationServiceTests" name="ValidateAddressAsync_throws_DomainException_on_unauthorized" />
    </UnitTest>
    <UnitTest name="Northwind.Tests.Infrastructure.Repositories.OrderRepositoryTests.DeleteAsync_removes_order_and_details" storage="/app/tests/northwind.tests/bin/debug/net10.0/northwind.tests.dll" id="4b8fc0e7-935a-a7fd-767f-1de97c775c7e">
      <Execution id="e6493dea-8d21-41c2-8913-5c0841a6c61c" />
      <TestMethod codeBase="/app/tests/Northwind.Tests/bin/Debug/net10.0/Northwind.Tests.dll" adapterTypeName="executor://xunit/VsTestRunner3/netcore/" className="Northwind.Tests.Infrastructure.Repositories.OrderRepositoryTests" name="DeleteAsync_removes_order_and_details" />
    </UnitTest>
    <UnitTest name="Northwind.Tests.Infrastructure.External.GeoLocationServiceTests.ValidateAddressAsync_throws_DomainException_on_4xx_response" storage="/app/tests/northwind.tests/bin/debug/net10.0/northwind.tests.dll" id="b95091de-bacd-d21f-cf58-6db913c1b7c4">
      <Execution id="719291bb-21fc-4829-8cbd-35c2cca40a3f" />
      <TestMethod codeBase="/app/tests/Northwind.Tests/bin/Debug/net10.0/Northwind.Tests.dll" adapterTypeName="executor://xunit/VsTestRunner3/netcore/" className="Northwind.Tests.Infrastructure.External.GeoLocationServiceTests" name="ValidateAddressAsync_throws_DomainException_on_4xx_response" />
    </UnitTest>
    <UnitTest name="Northwind.Tests.Application.Services.OrderServiceTests.CreateOrderAsync_skips_geo_when_coords_already_provided" storage="/app/tests/northwind.tests/bin/debug/net10.0/northwind.tests.dll" id="b0f38788-b8ff-68c5-71c9-8499ffebfd6e">
      <Execution id="7c8fef90-7e18-418f-bc7c-656300769b9f" />
      <TestMethod codeBase="/app/tests/Northwind.Tests/bin/Debug/net10.0/Northwind.Tests.dll" adapterTypeName="executor://xunit/VsTestRunner3/netcore/" className="Northwind.Tests.Application.Services.OrderServiceTests" name="CreateOrderAsync_skips_geo_when_coords_already_provided" />
    </UnitTest>
    <UnitTest name="Northwind.Tests.Api.NorthwindApiIntegrationTests.GET_orders_excel_returns_xlsx_content_type" storage="/app/tests/northwind.tests/bin/debug/net10.0/northwind.tests.dll" id="1785d09f-30e1-f95a-41c8-d37ea0973a11">
      <Execution id="dd756bb9-6865-442b-9f95-f8f44dda07cb" />
      <TestMethod codeBase="/app/tests/Northwind.Tests/bin/Debug/net10.0/Northwind.Tests.dll" adapterTypeName="executor://xunit/VsTestRunner3/netcore/" className="Northwind.Tests.Api.NorthwindApiIntegrationTests" name="GET_orders_excel_returns_xlsx_content_type" />
    </UnitTest>
    <UnitTest name="Northwind.Tests.Infrastructure.Repositories.OrderRepositoryTests.GetPagedAsync_returns_all_when_no_filters" storage="/app/tests/northwind.tests/bin/debug/net10.0/northwind.tests.dll" id="6c483b4c-bcf6-f587-eea8-6c9803f93b02">
      <Execution id="0f5ed293-e760-4349-935d-00159e673a4d" />
      <TestMethod codeBase="/app/tests/Northwind.Tests/bin/Debug/net10.0/Northwind.Tests.dll" adapterTypeName="executor://xunit/VsTestRunner3/netcore/" className="Northwind.Tests.Infrastructure.Repositories.OrderRepositoryTests" name="GetPagedAsync_returns_all_when_no_filters" />
    </UnitTest>
  </TestDefinitions>
  <TestEntries>
    <TestEntry testId="6285c27c-ef42-db52-5ae7-5015b8588012" executionId="42657b3b-a15b-4e18-8acd-c3e78933df91" testListId="8c84fa94-04c1-424b-9868-57a2d4851a1d" />
    <TestEntry testId="6c483b4c-bcf6-f587-eea8-6c9803f93b02" executionId="0f5ed293-e760-4349-935d-00159e673a4d" testListId="8c84fa94-04c1-424b-9868-57a2d4851a1d" />
    <TestEntry testId="07627f19-4327-8b34-2e45-b077a557d67b" executionId="597e2c84-15c1-40d9-b099-47ab005ca821" testListId="8c84fa94-04c1-424b-9868-57a2d4851a1d" />
    <TestEntry testId="1785d09f-30e1-f95a-41c8-d37ea0973a11" executionId="dd756bb9-6865-442b-9f95-f8f44dda07cb" testListId="8c84fa94-04c1-424b-9868-57a2d4851a1d" />
    <TestEntry testId="5af6659d-45dc-6d49-7829-5245deb4e4a3" executionId="caf9ccfb-3933-4623-bb6c-6158fa83c5f5" testListId="8c84fa94-04c1-424b-9868-57a2d4851a1d" />
    <TestEntry testId="23789661-4b9d-0e68-3154-ffe494050575" executionId="23d5aaf2-cafc-478b-a18d-28ce93042c58" testListId="8c84fa94-04c1-424b-9868-57a2d4851a1d" />
    <TestEntry testId="a3aebe77-0490-9353-21bd-61356f14b043" executionId="dd7519bd-d540-4d3f-880a-26b8bcc3dd17" testListId="8c84fa94-04c1-424b-9868-57a2d4851a1d" />
    <TestEntry testId="0ffdf295-e65e-22b7-a7e4-884fd408b379" executionId="9c6f381d-e6f8-400a-8a95-cd0d5cfae82f" testListId="8c84fa94-04c1-424b-9868-57a2d4851a1d" />
    <TestEntry testId="023ea08f-7df8-d770-c02f-5a8857c3f9d5" executionId="03fc71a2-db2f-487a-995c-a812a05fc937" testListId="8c84fa94-04c1-424b-9868-57a2d4851a1d" />
    <TestEntry testId="978295ef-49d4-72ba-fe55-729532aa719b" executionId="3168e307-1b03-4b86-9877-e14e081abe6b" testListId="8c84fa94-04c1-424b-9868-57a2d4851a1d" />
    <TestEntry testId="5285b130-65d1-af77-93fb-b3b6cefc46ba" executionId="036958f6-c3c5-4527-95de-0f71db2cd5e3" testListId="8c84fa94-04c1-424b-9868-57a2d4851a1d" />
    <TestEntry testId="d72e3e29-c86b-814d-5aa5-6288cc0c96ae" executionId="ab811dcc-19e3-4785-883a-c2b854c7686f" testListId="8c84fa94-04c1-424b-9868-57a2d4851a1d" />
    <TestEntry testId="48e68961-3bc6-54e8-a2f3-ec44e47657c5" executionId="f7834efc-36a6-4eca-b26f-4a54bb62f5f1" testListId="8c84fa94-04c1-424b-9868-57a2d4851a1d" />
    <TestEntry testId="7b1cd05c-417b-71c0-e336-055a3d937c82" executionId="da06a827-826d-4117-b530-117f959acc42" testListId="8c84fa94-04c1-424b-9868-57a2d4851a1d" />
    <TestEntry testId="350ad9ce-4eef-d06c-1107-05a9fe8a438a" executionId="05895456-ba64-41c8-9569-6719b9b61ad0" testListId="8c84fa94-04c1-424b-9868-57a2d4851a1d" />
    <TestEntry testId="cd1e4fa4-42c0-9e26-3c82-8e31dbc57696" executionId="4e12ebda-c879-4bf6-8765-cf9f2833a90d" testListId="8c84fa94-04c1-424b-9868-57a2d4851a1d" />
    <TestEntry testId="042c9fba-373c-40b9-fb9e-7a934619d319" executionId="c556a1e6-0dd1-4dbd-a2e3-fc80efac87bd" testListId="8c84fa94-04c1-424b-9868-57a2d4851a1d" />
    <TestEntry testId="980af34d-979c-3a56-c6a0-2325458a665e" executionId="e36140d2-fa8c-48ff-a3d6-bdd5efde79bc" testListId="8c84fa94-04c1-424b-9868-57a2d4851a1d" />
    <TestEntry testId="da34eb5f-54aa-a9ed-37fb-3b98ff032dea" executionId="ad481716-2ecc-48c7-a1a3-35c54c6e4553" testListId="8c84fa94-04c1-424b-9868-57a2d4851a1d" />
    <TestEntry testId="41027ddf-bd63-846f-c9e1-19ed5ab9486d" executionId="ff285796-fc02-4409-94f6-ed4e9b3b85b7" testListId="8c84fa94-04c1-424b-9868-57a2d4851a1d" />
    <TestEntry testId="826ff874-4e38-238c-3e16-8928a8bd520d" executionId="9b7cc559-287b-4674-9a78-49cc18d78f2a" testListId="8c84fa94-04c1-424b-9868-57a2d4851a1d" />
    <TestEntry testId="2659e9f7-bcf0-d85a-069e-252d579ae17b" executionId="70ef7ec6-21cf-48ab-9c10-4a6fc1954f9f" testListId="8c84fa94-04c1-424b-9868-57a2d4851a1d" />
    <TestEntry testId="ada6638d-f0c8-2d8f-a6ef-eb11ee033805" executionId="58d07da7-91dd-451d-a23f-952cb61614c9" testListId="8c84fa94-04c1-424b-9868-57a2d4851a1d" />
    <TestEntry testId="24bfb52d-4f3f-efd3-a8fc-a337c5e1a739" executionId="17c11c7c-b6de-430f-9c97-5d07f458fcf8" testListId="8c84fa94-04c1-424b-9868-57a2d4851a1d" />
    <TestEntry testId="6d100368-5fe6-9a21-2e79-965ea271127d" executionId="5144b487-d3a3-44bd-b66f-2dcc0fbdce0e" testListId="8c84fa94-04c1-424b-9868-57a2d4851a1d" />
    <TestEntry testId="b0f38788-b8ff-68c5-71c9-8499ffebfd6e" executionId="7c8fef90-7e18-418f-bc7c-656300769b9f" testListId="8c84fa94-04c1-424b-9868-57a2d4851a1d" />
    <TestEntry testId="baedefea-9c49-b748-5a19-9d15fdc6193b" executionId="e7545903-9f3a-4684-bc27-990ca0967a08" testListId="8c84fa94-04c1-424b-9868-57a2d4851a1d" />
    <TestEntry testId="b95091de-bacd-d21f-cf58-6db913c1b7c4" executionId="719291bb-21fc-4829-8cbd-35c2cca40a3f" testListId="8c84fa94-04c1-424b-9868-57a2d4851a1d" />
    <TestEntry testId="1774eb20-0751-9866-bc3f-7d11b6f30f9f" executionId="27306658-d570-4dd5-bcc4-25926813fe87" testListId="8c84fa94-04c1-424b-9868-57a2d4851a1d" />
    <TestEntry testId="d2537f64-14e7-789e-1f31-217365851d59" executionId="d82aaf26-22bf-43ab-a4e4-2aa602960c9c" testListId="8c84fa94-04c1-424b-9868-57a2d4851a1d" />
    <TestEntry testId="ea16ad16-986f-2804-dadf-05375338e350" executionId="9d0bfcd0-35c7-485a-b03d-796f8658c07d" testListId="8c84fa94-04c1-424b-9868-57a2d4851a1d" />
    <TestEntry testId="7fb05cd8-6a31-99f4-7d45-ead384f328d6" executionId="592dc107-f63e-4876-92b2-df0c0063f9eb" testListId="8c84fa94-04c1-424b-9868-57a2d4851a1d" />
    <TestEntry testId="4fa887ef-8609-d5a8-1f8d-6f20366a77fc" executionId="8243608c-823c-48b0-ba29-32e8a445e7cb" testListId="8c84fa94-04c1-424b-9868-57a2d4851a1d" />
    <TestEntry testId="5497ae9b-91df-8791-100d-99cbbc8d1e88" executionId="fbb212eb-2f85-4f01-86a6-c1da815741e5" testListId="8c84fa94-04c1-424b-9868-57a2d4851a1d" />
    <TestEntry testId="3a8c0f48-7af9-d7d2-0399-fb7519cac0c9" executionId="13457f3f-fa00-4d90-9867-e21cf10a38c1" testListId="8c84fa94-04c1-424b-9868-57a2d4851a1d" />
    <TestEntry testId="4b8fc0e7-935a-a7fd-767f-1de97c775c7e" executionId="e6493dea-8d21-41c2-8913-5c0841a6c61c" testListId="8c84fa94-04c1-424b-9868-57a2d4851a1d" />
    <TestEntry testId="7ee7044e-a9f9-e5c0-1626-68279255efdb" executionId="bfc08d1c-97f4-4b81-967b-981163a1adba" testListId="8c84fa94-04c1-424b-9868-57a2d4851a1d" />
    <TestEntry testId="faf2edbd-bd2f-52c8-295a-573abd221b0f" executionId="7f94b40b-eec5-4f89-b945-bc9f921d3cbd" testListId="8c84fa94-04c1-424b-9868-57a2d4851a1d" />
    <TestEntry testId="48eb4cbe-b75e-e83b-248d-b7b7b661af16" executionId="8fb6995d-e730-419a-8019-c449122c96bb" testListId="8c84fa94-04c1-424b-9868-57a2d4851a1d" />
    <TestEntry testId="250644ef-0443-edec-9084-0cf1b22c9ae1" executionId="bb6af533-3385-4db3-8b93-a3f8f611a80b" testListId="8c84fa94-04c1-424b-9868-57a2d4851a1d" />
    <TestEntry testId="fde587f5-52db-f765-54fc-53fe0953bd9d" executionId="419f657c-8278-4d4c-96c4-2a49989234ab" testListId="8c84fa94-04c1-424b-9868-57a2d4851a1d" />
    <TestEntry testId="c536b2fc-c4f9-10de-de0e-431edec2f316" executionId="c83102c5-0a0e-4fc8-b25c-d8d754aaf527" testListId="8c84fa94-04c1-424b-9868-57a2d4851a1d" />
    <TestEntry testId="a3f6f037-3b6c-9cd8-5001-2713ee590315" executionId="f12c480e-c6c8-41da-93af-828fa9abf4bb" testListId="8c84fa94-04c1-424b-9868-57a2d4851a1d" />
    <TestEntry testId="73e2a9d8-327a-8a99-0ded-ed9e8aa15220" executionId="ffa68162-6ea4-49c2-989d-fec70475ebea" testListId="8c84fa94-04c1-424b-9868-57a2d4851a1d" />
    <TestEntry testId="1bafb6f2-c7b1-2703-7c3a-82c1d6f61d42" executionId="f888f04a-27aa-4c4a-b37f-83114f3b4270" testListId="8c84fa94-04c1-424b-9868-57a2d4851a1d" />
    <TestEntry testId="ca2e6ee9-7d58-06d4-b50d-75948e146389" executionId="41df896b-215d-4788-94f8-002b854375fe" testListId="8c84fa94-04c1-424b-9868-57a2d4851a1d" />
    <TestEntry testId="2bd183cc-41c8-1bee-06e9-2a9f2911ae2a" executionId="7effedb2-28ee-41c1-ba65-0776f8d0a771" testListId="8c84fa94-04c1-424b-9868-57a2d4851a1d" />
    <TestEntry testId="9f56c9cc-c2fe-f754-8218-d5efa12c4179" executionId="5570ecfc-29d5-47b4-9287-2bbb601edfcd" testListId="8c84fa94-04c1-424b-9868-57a2d4851a1d" />
    <TestEntry testId="e1ae160b-c642-0ee9-af2f-6c336ca7226a" executionId="cf3b907e-dcd6-4cb6-9790-727636138af3" testListId="8c84fa94-04c1-424b-9868-57a2d4851a1d" />
    <TestEntry testId="94be4cf5-4013-af1e-a62f-fd54a134658c" executionId="525e0d02-3580-469d-9d49-1d00d679e92b" testListId="8c84fa94-04c1-424b-9868-57a2d4851a1d" />
    <TestEntry testId="61c32d5f-2298-6074-41ee-986071eeb102" executionId="e0b60ed3-bbe7-4bc9-a209-e72d2795af4b" testListId="8c84fa94-04c1-424b-9868-57a2d4851a1d" />
    <TestEntry testId="323b863d-d9b8-91db-7dc3-2b2a69d59576" executionId="cf0be1b3-d759-4e34-8d2b-8b828c73d042" testListId="8c84fa94-04c1-424b-9868-57a2d4851a1d" />
    <TestEntry testId="87bbe40a-a1bd-3388-f8d8-22b25d9eda40" executionId="2cf0a6c8-2905-44ca-81fe-dad2d92b1be6" testListId="8c84fa94-04c1-424b-9868-57a2d4851a1d" />
    <TestEntry testId="4f21d113-9734-13c5-d431-2f1be5992d58" executionId="2d610251-1bda-4bcc-877b-c1bb5223f134" testListId="8c84fa94-04c1-424b-9868-57a2d4851a1d" />
    <TestEntry testId="4bd3447b-6883-a7a8-bd8c-3ae9f0237af0" executionId="1352e6db-41e8-48e9-8277-02b550febcf3" testListId="8c84fa94-04c1-424b-9868-57a2d4851a1d" />
    <TestEntry testId="8d8e07cb-a252-e0f5-15c2-eb379e223215" executionId="307cbcb8-65ab-4fdb-95f8-c176a69b5162" testListId="8c84fa94-04c1-424b-9868-57a2d4851a1d" />
    <TestEntry testId="5320315b-585e-4342-7cdf-a16e8eac7596" executionId="f00fd801-02d7-4e5b-9ccc-549883e04ffe" testListId="8c84fa94-04c1-424b-9868-57a2d4851a1d" />
  </TestEntries>
  <TestLists>
    <TestList name="Results Not in a List" id="8c84fa94-04c1-424b-9868-57a2d4851a1d" />
    <TestList name="All Loaded Results" id="19431567-8539-422a-85d7-44ee4e166bda" />
  </TestLists>
  <ResultSummary outcome="Completed">
    <Counters total="57" executed="57" passed="57" failed="0" error="0" timeout="0" aborted="0" inconclusive="0" passedButRunAborted="0" notRunnable="0" notExecuted="0" disconnected="0" warning="0" completed="0" inProgress="0" pending="0" />
    <Output>
      <StdOut>[xUnit.net 00:00:00.00] xUnit.net VSTest Adapter v3.1.4+50e68bbb8b (64-bit .NET 10.0.7)
[xUnit.net 00:00:00.10]   Discovering: Northwind.Tests
[xUnit.net 00:00:00.14]   Discovered:  Northwind.Tests
[xUnit.net 00:00:00.16]   Starting:    Northwind.Tests
     Warning:
     The component "Fluent Assertions" is governed by the rules defined in the Xceed License Agreement and
     the Xceed Fluent Assertions Community License. You may use Fluent Assertions free of charge for
     non-commercial use only. An active subscription is required to use Fluent Assertions for commercial use.
     Please contact Xceed Sales mailto:sales@xceed.com to acquire a subscription at a very low cost.
     A paid commercial license supports the development and continued increasing support of
     Fluent Assertions users under both commercial and community licenses. Help us
     keep Fluent Assertions at the forefront of unit testing.
     For more information, visit https://xceed.com/products/unit-testing/fluent-assertions/
{"Timestamp":"2026-05-08T21:28:38.4290787+00:00","Level":"Warning","MessageTemplate":"You do not have a valid license key for the Lucky Penny software AutoMapper. This is allowed for development and testing scenarios. If you are running in production you are required to have a licensed version. Please visit https://luckypennysoftware.com to obtain a valid license.","TraceId":"2007d6502f6c493caeece31d54c860ad","SpanId":"4eb3a0954f19ddff","Properties":{"SourceContext":"LuckyPennySoftware.AutoMapper.License","ActionId":"d67448d9-b427-474e-b82b-78759aeafaf5","ActionName":"Northwind.Api.Controllers.OrdersController.UpdateOrder (Northwind.Api)","RequestId":"0HNLD932CGROE","RequestPath":"/api/orders/99999"}}
{"Timestamp":"2026-05-08T21:28:38.5406345+00:00","Level":"Warning","MessageTemplate":"Domain/validation exception: {Message}","TraceId":"2007d6502f6c493caeece31d54c860ad","SpanId":"4eb3a0954f19ddff","Exception":"Northwind.Domain.Exceptions.NotFoundException: 'Order' with key '99999' was not found.\n   at Northwind.Application.Services.OrderService.UpdateOrderAsync(Int32 id, UpdateOrderDto dto, CancellationToken ct) in /app/src/Northwind.Application/Services/OrderService.cs:line 79\n   at Northwind.Api.Controllers.OrdersController.UpdateOrder(Int32 id, UpdateOrderDto dto, CancellationToken ct) in /app/src/Northwind.Api/Controllers/OrdersController.cs:line 52\n   at Microsoft.AspNetCore.Mvc.Infrastructure.ActionMethodExecutor.TaskOfIActionResultExecutor.Execute(ActionContext actionContext, IActionResultTypeMapper mapper, ObjectMethodExecutor executor, Object controller, Object[] arguments)\n   at Microsoft.AspNetCore.Mvc.Infrastructure.ControllerActionInvoker.&lt;InvokeActionMethodAsync&gt;g__Awaited|12_0(ControllerActionInvoker invoker, ValueTask`1 actionResultValueTask)\n   at Microsoft.AspNetCore.Mvc.Infrastructure.ControllerActionInvoker.&lt;InvokeNextActionFilterAsync&gt;g__Awaited|10_0(ControllerActionInvoker invoker, Task lastTask, State next, Scope scope, Object state, Boolean isCompleted)\n   at Microsoft.AspNetCore.Mvc.Infrastructure.ControllerActionInvoker.Rethrow(ActionExecutedContextSealed context)\n   at Microsoft.AspNetCore.Mvc.Infrastructure.ControllerActionInvoker.Next(State&amp; next, Scope&amp; scope, Object&amp; state, Boolean&amp; isCompleted)\n   at Microsoft.AspNetCore.Mvc.Infrastructure.ControllerActionInvoker.InvokeInnerFilterAsync()\n--- End of stack trace from previous location ---\n   at Microsoft.AspNetCore.Mvc.Infrastructure.ResourceInvoker.&lt;InvokeFilterPipelineAsync&gt;g__Awaited|20_0(ResourceInvoker invoker, Task lastTask, State next, Scope scope, Object state, Boolean isCompleted)\n   at Microsoft.AspNetCore.Mvc.Infrastructure.ResourceInvoker.&lt;InvokeAsync&gt;g__Awaited|17_0(ResourceInvoker invoker, Task task, IDisposable scope)\n   at Microsoft.AspNetCore.Mvc.Infrastructure.ResourceInvoker.&lt;InvokeAsync&gt;g__Awaited|17_0(ResourceInvoker invoker, Task task, IDisposable scope)\n   at Microsoft.AspNetCore.Diagnostics.ExceptionHandlerMiddlewareImpl.&lt;Invoke&gt;g__Awaited|10_0(ExceptionHandlerMiddlewareImpl middleware, HttpContext context, Task task)","Properties":{"Message":"'Order' with key '99999' was not found.","SourceContext":"Northwind.Api.Middleware.GlobalExceptionHandler","ActionId":"d67448d9-b427-474e-b82b-78759aeafaf5","ActionName":"Northwind.Api.Controllers.OrdersController.UpdateOrder (Northwind.Api)","RequestId":"0HNLD932CGROE","RequestPath":"/api/orders/99999"}}
{"Timestamp":"2026-05-08T21:28:38.5666936+00:00","Level":"Information","MessageTemplate":"HTTP {RequestMethod} {RequestPath} responded {StatusCode} in {Elapsed:0.0000} ms","TraceId":"2007d6502f6c493caeece31d54c860ad","SpanId":"4eb3a0954f19ddff","Properties":{"RequestMethod":"PUT","RequestPath":"/api/orders/99999","StatusCode":404,"Elapsed":152.056031,"SourceContext":"Serilog.AspNetCore.RequestLoggingMiddleware","ActionId":"d67448d9-b427-474e-b82b-78759aeafaf5","ActionName":"Northwind.Api.Controllers.OrdersController.UpdateOrder (Northwind.Api)","RequestId":"0HNLD932CGROE"},"Renderings":{"Elapsed":[{"Format":"0.0000","Rendering":"152.0560"}]}}
{"Timestamp":"2026-05-08T21:28:38.6024652+00:00","Level":"Information","MessageTemplate":"HTTP {RequestMethod} {RequestPath} responded {StatusCode} in {Elapsed:0.0000} ms","TraceId":"201729e1aa14ed57035f8289fcca1955","SpanId":"b0767bd4f6b015c4","Properties":{"RequestMethod":"GET","RequestPath":"/api/lookups/employees","StatusCode":200,"Elapsed":19.435562,"SourceContext":"Serilog.AspNetCore.RequestLoggingMiddleware","RequestId":"0HNLD932CGROF"},"Renderings":{"Elapsed":[{"Format":"0.0000","Rendering":"19.4356"}]}}
{"Timestamp":"2026-05-08T21:28:40.9545787+00:00","Level":"Information","MessageTemplate":"HTTP {RequestMethod} {RequestPath} responded {StatusCode} in {Elapsed:0.0000} ms","TraceId":"15e5374a96d7e2860d3e10d38c6cbcef","SpanId":"abbef44383aed807","Properties":{"RequestMethod":"GET","RequestPath":"/api/orders/10249/pdf","StatusCode":200,"Elapsed":2342.173922,"SourceContext":"Serilog.AspNetCore.RequestLoggingMiddleware","RequestId":"0HNLD932CGROG"},"Renderings":{"Elapsed":[{"Format":"0.0000","Rendering":"2342.1739"}]}}
{"Timestamp":"2026-05-08T21:28:40.9699481+00:00","Level":"Warning","MessageTemplate":"Domain/validation exception: {Message}","TraceId":"2472330d8534400f8dd2f6a5ddccb37c","SpanId":"dcc344837dd6764c","Exception":"Northwind.Domain.Exceptions.NotFoundException: 'Order' with key '99999' was not found.\n   at Northwind.Application.Services.OrderService.GetOrderByIdAsync(Int32 id, CancellationToken ct) in /app/src/Northwind.Application/Services/OrderService.cs:line 49\n   at Northwind.Api.Controllers.OrdersController.GetOrder(Int32 id, CancellationToken ct) in /app/src/Northwind.Api/Controllers/OrdersController.cs:line 31\n   at Microsoft.AspNetCore.Mvc.Infrastructure.ActionMethodExecutor.TaskOfIActionResultExecutor.Execute(ActionContext actionContext, IActionResultTypeMapper mapper, ObjectMethodExecutor executor, Object controller, Object[] arguments)\n   at Microsoft.AspNetCore.Mvc.Infrastructure.ControllerActionInvoker.&lt;InvokeActionMethodAsync&gt;g__Awaited|12_0(ControllerActionInvoker invoker, ValueTask`1 actionResultValueTask)\n   at Microsoft.AspNetCore.Mvc.Infrastructure.ControllerActionInvoker.&lt;InvokeNextActionFilterAsync&gt;g__Awaited|10_0(ControllerActionInvoker invoker, Task lastTask, State next, Scope scope, Object state, Boolean isCompleted)\n   at Microsoft.AspNetCore.Mvc.Infrastructure.ControllerActionInvoker.Rethrow(ActionExecutedContextSealed context)\n   at Microsoft.AspNetCore.Mvc.Infrastructure.ControllerActionInvoker.Next(State&amp; next, Scope&amp; scope, Object&amp; state, Boolean&amp; isCompleted)\n   at Microsoft.AspNetCore.Mvc.Infrastructure.ControllerActionInvoker.InvokeInnerFilterAsync()\n--- End of stack trace from previous location ---\n   at Microsoft.AspNetCore.Mvc.Infrastructure.ResourceInvoker.&lt;InvokeFilterPipelineAsync&gt;g__Awaited|20_0(ResourceInvoker invoker, Task lastTask, State next, Scope scope, Object state, Boolean isCompleted)\n   at Microsoft.AspNetCore.Mvc.Infrastructure.ResourceInvoker.&lt;InvokeAsync&gt;g__Awaited|17_0(ResourceInvoker invoker, Task task, IDisposable scope)\n   at Microsoft.AspNetCore.Mvc.Infrastructure.ResourceInvoker.&lt;InvokeAsync&gt;g__Awaited|17_0(ResourceInvoker invoker, Task task, IDisposable scope)\n   at Microsoft.AspNetCore.Diagnostics.ExceptionHandlerMiddlewareImpl.&lt;Invoke&gt;g__Awaited|10_0(ExceptionHandlerMiddlewareImpl middleware, HttpContext context, Task task)","Properties":{"Message":"'Order' with key '99999' was not found.","SourceContext":"Northwind.Api.Middleware.GlobalExceptionHandler","ActionId":"97d9980b-8cfa-4e37-8434-191cce3e3436","ActionName":"Northwind.Api.Controllers.OrdersController.GetOrder (Northwind.Api)","RequestId":"0HNLD932CGROH","RequestPath":"/api/orders/99999"}}
{"Timestamp":"2026-05-08T21:28:40.9710108+00:00","Level":"Information","MessageTemplate":"HTTP {RequestMethod} {RequestPath} responded {StatusCode} in {Elapsed:0.0000} ms","TraceId":"2472330d8534400f8dd2f6a5ddccb37c","SpanId":"dcc344837dd6764c","Properties":{"RequestMethod":"GET","RequestPath":"/api/orders/99999","StatusCode":404,"Elapsed":11.631721,"SourceContext":"Serilog.AspNetCore.RequestLoggingMiddleware","ActionId":"97d9980b-8cfa-4e37-8434-191cce3e3436","ActionName":"Northwind.Api.Controllers.OrdersController.GetOrder (Northwind.Api)","RequestId":"0HNLD932CGROH"},"Renderings":{"Elapsed":[{"Format":"0.0000","Rendering":"11.6317"}]}}
{"Timestamp":"2026-05-08T21:28:41.4946230+00:00","Level":"Information","MessageTemplate":"HTTP {RequestMethod} {RequestPath} responded {StatusCode} in {Elapsed:0.0000} ms","TraceId":"e305ad3d7a8c35021a6929323964f444","SpanId":"3112774281840973","Properties":{"RequestMethod":"GET","RequestPath":"/api/orders/excel","StatusCode":200,"Elapsed":519.580379,"SourceContext":"Serilog.AspNetCore.RequestLoggingMiddleware","RequestId":"0HNLD932CGROI"},"Renderings":{"Elapsed":[{"Format":"0.0000","Rendering":"519.5804"}]}}
{"Timestamp":"2026-05-08T21:28:41.5103313+00:00","Level":"Information","MessageTemplate":"HTTP {RequestMethod} {RequestPath} responded {StatusCode} in {Elapsed:0.0000} ms","TraceId":"8f16f538ffac3df4a20261149dfb87f3","SpanId":"5a99c685a5c2551f","Properties":{"RequestMethod":"GET","RequestPath":"/api/orders/10248","StatusCode":200,"Elapsed":11.084738,"SourceContext":"Serilog.AspNetCore.RequestLoggingMiddleware","RequestId":"0HNLD932CGROJ"},"Renderings":{"Elapsed":[{"Format":"0.0000","Rendering":"11.0847"}]}}
{"Timestamp":"2026-05-08T21:28:41.5298811+00:00","Level":"Information","MessageTemplate":"HTTP {RequestMethod} {RequestPath} responded {StatusCode} in {Elapsed:0.0000} ms","TraceId":"c2595a821ae99a64ab233574cb12854c","SpanId":"0ea4fdc92fea5547","Properties":{"RequestMethod":"GET","RequestPath":"/api/reports/orders-per-time","StatusCode":200,"Elapsed":9.196087,"SourceContext":"Serilog.AspNetCore.RequestLoggingMiddleware","RequestId":"0HNLD932CGROK"},"Renderings":{"Elapsed":[{"Format":"0.0000","Rendering":"9.1961"}]}}
{"Timestamp":"2026-05-08T21:28:41.5442334+00:00","Level":"Information","MessageTemplate":"HTTP {RequestMethod} {RequestPath} responded {StatusCode} in {Elapsed:0.0000} ms","TraceId":"c33d572e4497c45ce8f3ab0bcf594bb5","SpanId":"4ffc1946c1fa08f4","Properties":{"RequestMethod":"GET","RequestPath":"/api/reports/shipments-by-region","StatusCode":200,"Elapsed":6.927048,"SourceContext":"Serilog.AspNetCore.RequestLoggingMiddleware","RequestId":"0HNLD932CGROL"},"Renderings":{"Elapsed":[{"Format":"0.0000","Rendering":"6.9270"}]}}
{"Timestamp":"2026-05-08T21:28:41.5550754+00:00","Level":"Warning","MessageTemplate":"Domain/validation exception: {Message}","TraceId":"d57f7bf00cf5a72a6bea46d67a38c5f4","SpanId":"774c1f6d75fad4ea","Exception":"Northwind.Domain.Exceptions.NotFoundException: 'Order' with key '99999' was not found.\n   at Northwind.Application.Services.OrderService.DeleteOrderAsync(Int32 id, CancellationToken ct) in /app/src/Northwind.Application/Services/OrderService.cs:line 103\n   at Northwind.Api.Controllers.OrdersController.DeleteOrder(Int32 id, CancellationToken ct) in /app/src/Northwind.Api/Controllers/OrdersController.cs:line 62\n   at Microsoft.AspNetCore.Mvc.Infrastructure.ActionMethodExecutor.TaskOfIActionResultExecutor.Execute(ActionContext actionContext, IActionResultTypeMapper mapper, ObjectMethodExecutor executor, Object controller, Object[] arguments)\n   at Microsoft.AspNetCore.Mvc.Infrastructure.ControllerActionInvoker.&lt;InvokeActionMethodAsync&gt;g__Awaited|12_0(ControllerActionInvoker invoker, ValueTask`1 actionResultValueTask)\n   at Microsoft.AspNetCore.Mvc.Infrastructure.ControllerActionInvoker.&lt;InvokeNextActionFilterAsync&gt;g__Awaited|10_0(ControllerActionInvoker invoker, Task lastTask, State next, Scope scope, Object state, Boolean isCompleted)\n   at Microsoft.AspNetCore.Mvc.Infrastructure.ControllerActionInvoker.Rethrow(ActionExecutedContextSealed context)\n   at Microsoft.AspNetCore.Mvc.Infrastructure.ControllerActionInvoker.Next(State&amp; next, Scope&amp; scope, Object&amp; state, Boolean&amp; isCompleted)\n   at Microsoft.AspNetCore.Mvc.Infrastructure.ControllerActionInvoker.InvokeInnerFilterAsync()\n--- End of stack trace from previous location ---\n   at Microsoft.AspNetCore.Mvc.Infrastructure.ResourceInvoker.&lt;InvokeFilterPipelineAsync&gt;g__Awaited|20_0(ResourceInvoker invoker, Task lastTask, State next, Scope scope, Object state, Boolean isCompleted)\n   at Microsoft.AspNetCore.Mvc.Infrastructure.ResourceInvoker.&lt;InvokeAsync&gt;g__Awaited|17_0(ResourceInvoker invoker, Task task, IDisposable scope)\n   at Microsoft.AspNetCore.Mvc.Infrastructure.ResourceInvoker.&lt;InvokeAsync&gt;g__Awaited|17_0(ResourceInvoker invoker, Task task, IDisposable scope)\n   at Microsoft.AspNetCore.Diagnostics.ExceptionHandlerMiddlewareImpl.&lt;Invoke&gt;g__Awaited|10_0(ExceptionHandlerMiddlewareImpl middleware, HttpContext context, Task task)","Properties":{"Message":"'Order' with key '99999' was not found.","SourceContext":"Northwind.Api.Middleware.GlobalExceptionHandler","ActionId":"7392b1bc-7375-42b8-a7d2-13b989494335","ActionName":"Northwind.Api.Controllers.OrdersController.DeleteOrder (Northwind.Api)","RequestId":"0HNLD932CGROM","RequestPath":"/api/orders/99999"}}
{"Timestamp":"2026-05-08T21:28:41.5558720+00:00","Level":"Information","MessageTemplate":"HTTP {RequestMethod} {RequestPath} responded {StatusCode} in {Elapsed:0.0000} ms","TraceId":"d57f7bf00cf5a72a6bea46d67a38c5f4","SpanId":"774c1f6d75fad4ea","Properties":{"RequestMethod":"DELETE","RequestPath":"/api/orders/99999","StatusCode":404,"Elapsed":6.658514,"SourceContext":"Serilog.AspNetCore.RequestLoggingMiddleware","ActionId":"7392b1bc-7375-42b8-a7d2-13b989494335","ActionName":"Northwind.Api.Controllers.OrdersController.DeleteOrder (Northwind.Api)","RequestId":"0HNLD932CGROM"},"Renderings":{"Elapsed":[{"Format":"0.0000","Rendering":"6.6585"}]}}
{"Timestamp":"2026-05-08T21:28:41.5912283+00:00","Level":"Information","MessageTemplate":"HTTP {RequestMethod} {RequestPath} responded {StatusCode} in {Elapsed:0.0000} ms","TraceId":"d92b94f52236e64b607d84ddb9f74e48","SpanId":"a777f866d2077884","Properties":{"RequestMethod":"POST","RequestPath":"/api/orders","StatusCode":201,"Elapsed":29.873944,"SourceContext":"Serilog.AspNetCore.RequestLoggingMiddleware","RequestId":"0HNLD932CGRON"},"Renderings":{"Elapsed":[{"Format":"0.0000","Rendering":"29.8739"}]}}
{"Timestamp":"2026-05-08T21:28:41.6009524+00:00","Level":"Information","MessageTemplate":"HTTP {RequestMethod} {RequestPath} responded {StatusCode} in {Elapsed:0.0000} ms","TraceId":"c199f78ab25aa7b7828e9ad7e1092061","SpanId":"e678ddb8cbb47c07","Properties":{"RequestMethod":"DELETE","RequestPath":"/api/orders/10250","StatusCode":204,"Elapsed":5.532092,"SourceContext":"Serilog.AspNetCore.RequestLoggingMiddleware","RequestId":"0HNLD932CGROO"},"Renderings":{"Elapsed":[{"Format":"0.0000","Rendering":"5.5321"}]}}
{"Timestamp":"2026-05-08T21:28:41.6069127+00:00","Level":"Warning","MessageTemplate":"Domain/validation exception: {Message}","TraceId":"f300badca93f688d1bc71de638e2feed","SpanId":"744ec6aae44baa39","Exception":"FluentValidation.ValidationException: Validation failed: \n -- CustomerID: Customer is required. Severity: Error\n -- EmployeeID: A valid employee must be assigned. Severity: Error\n -- OrderDetails: At least one order line is required. Severity: Error\n   at FluentValidation.AbstractValidator`1.RaiseValidationException(ValidationContext`1 context, ValidationResult result) in /_/src/FluentValidation/AbstractValidator.cs:line 390\n   at FluentValidation.AbstractValidator`1.ValidateInternalAsync(ValidationContext`1 context, CancellationToken cancellation) in /_/src/FluentValidation/AbstractValidator.cs:line 176\n   at FluentValidation.AbstractValidator`1.ValidateAsync(ValidationContext`1 context, CancellationToken cancellation) in /_/src/FluentValidation/AbstractValidator.cs:line 137\n   at FluentValidation.DefaultValidatorExtensions.ValidateAndThrowAsync[T](IValidator`1 validator, T instance, CancellationToken cancellationToken) in /_/src/FluentValidation/DefaultValidatorExtensions_Validate.cs:line 72\n   at Northwind.Application.Services.OrderService.CreateOrderAsync(CreateOrderDto dto, CancellationToken ct) in /app/src/Northwind.Application/Services/OrderService.cs:line 56\n   at Northwind.Api.Controllers.OrdersController.CreateOrder(CreateOrderDto dto, CancellationToken ct) in /app/src/Northwind.Api/Controllers/OrdersController.cs:line 41\n   at Microsoft.AspNetCore.Mvc.Infrastructure.ActionMethodExecutor.TaskOfIActionResultExecutor.Execute(ActionContext actionContext, IActionResultTypeMapper mapper, ObjectMethodExecutor executor, Object controller, Object[] arguments)\n   at Microsoft.AspNetCore.Mvc.Infrastructure.ControllerActionInvoker.&lt;InvokeActionMethodAsync&gt;g__Awaited|12_0(ControllerActionInvoker invoker, ValueTask`1 actionResultValueTask)\n   at Microsoft.AspNetCore.Mvc.Infrastructure.ControllerActionInvoker.&lt;InvokeNextActionFilterAsync&gt;g__Awaited|10_0(ControllerActionInvoker invoker, Task lastTask, State next, Scope scope, Object state, Boolean isCompleted)\n   at Microsoft.AspNetCore.Mvc.Infrastructure.ControllerActionInvoker.Rethrow(ActionExecutedContextSealed context)\n   at Microsoft.AspNetCore.Mvc.Infrastructure.ControllerActionInvoker.Next(State&amp; next, Scope&amp; scope, Object&amp; state, Boolean&amp; isCompleted)\n   at Microsoft.AspNetCore.Mvc.Infrastructure.ControllerActionInvoker.InvokeInnerFilterAsync()\n--- End of stack trace from previous location ---\n   at Microsoft.AspNetCore.Mvc.Infrastructure.ResourceInvoker.&lt;InvokeFilterPipelineAsync&gt;g__Awaited|20_0(ResourceInvoker invoker, Task lastTask, State next, Scope scope, Object state, Boolean isCompleted)\n   at Microsoft.AspNetCore.Mvc.Infrastructure.ResourceInvoker.&lt;InvokeAsync&gt;g__Awaited|17_0(ResourceInvoker invoker, Task task, IDisposable scope)\n   at Microsoft.AspNetCore.Mvc.Infrastructure.ResourceInvoker.&lt;InvokeAsync&gt;g__Awaited|17_0(ResourceInvoker invoker, Task task, IDisposable scope)\n   at Microsoft.AspNetCore.Diagnostics.ExceptionHandlerMiddlewareImpl.&lt;Invoke&gt;g__Awaited|10_0(ExceptionHandlerMiddlewareImpl middleware, HttpContext context, Task task)","Properties":{"Message":"Validation failed: \n -- CustomerID: Customer is required. Severity: Error\n -- EmployeeID: A valid employee must be assigned. Severity: Error\n -- OrderDetails: At least one order line is required. Severity: Error","SourceContext":"Northwind.Api.Middleware.GlobalExceptionHandler","ActionId":"1174341f-1c82-4268-976a-efc8b91cf6d0","ActionName":"Northwind.Api.Controllers.OrdersController.CreateOrder (Northwind.Api)","RequestId":"0HNLD932CGROP","RequestPath":"/api/orders"}}
{"Timestamp":"2026-05-08T21:28:41.6134475+00:00","Level":"Information","MessageTemplate":"HTTP {RequestMethod} {RequestPath} responded {StatusCode} in {Elapsed:0.0000} ms","TraceId":"f300badca93f688d1bc71de638e2feed","SpanId":"744ec6aae44baa39","Properties":{"RequestMethod":"POST","RequestPath":"/api/orders","StatusCode":400,"Elapsed":7.954312,"SourceContext":"Serilog.AspNetCore.RequestLoggingMiddleware","ActionId":"1174341f-1c82-4268-976a-efc8b91cf6d0","ActionName":"Northwind.Api.Controllers.OrdersController.CreateOrder (Northwind.Api)","RequestId":"0HNLD932CGROP"},"Renderings":{"Elapsed":[{"Format":"0.0000","Rendering":"7.9543"}]}}
{"Timestamp":"2026-05-08T21:28:41.6286210+00:00","Level":"Information","MessageTemplate":"HTTP {RequestMethod} {RequestPath} responded {StatusCode} in {Elapsed:0.0000} ms","TraceId":"bffdcb862fd4ecb97a1d7746bd296f4a","SpanId":"b8a82e2ab8f65583","Properties":{"RequestMethod":"POST","RequestPath":"/api/location/validate","StatusCode":200,"Elapsed":7.765797,"SourceContext":"Serilog.AspNetCore.RequestLoggingMiddleware","RequestId":"0HNLD932CGROQ"},"Renderings":{"Elapsed":[{"Format":"0.0000","Rendering":"7.7658"}]}}
{"Timestamp":"2026-05-08T21:28:41.6464431+00:00","Level":"Information","MessageTemplate":"HTTP {RequestMethod} {RequestPath} responded {StatusCode} in {Elapsed:0.0000} ms","TraceId":"08b0a4bd2cdea1c08e6758ee611672d7","SpanId":"b8d14443e9490cf4","Properties":{"RequestMethod":"GET","RequestPath":"/api/orders","StatusCode":200,"Elapsed":12.446024,"SourceContext":"Serilog.AspNetCore.RequestLoggingMiddleware","RequestId":"0HNLD932CGROR"},"Renderings":{"Elapsed":[{"Format":"0.0000","Rendering":"12.4460"}]}}
{"Timestamp":"2026-05-08T21:28:41.6639448+00:00","Level":"Information","MessageTemplate":"HTTP {RequestMethod} {RequestPath} responded {StatusCode} in {Elapsed:0.0000} ms","TraceId":"a3a480b9157a3e31984501c7e10d6fec","SpanId":"cbbaa864c8cebeff","Properties":{"RequestMethod":"GET","RequestPath":"/api/lookups/products","StatusCode":200,"Elapsed":10.018325,"SourceContext":"Serilog.AspNetCore.RequestLoggingMiddleware","RequestId":"0HNLD932CGROS"},"Renderings":{"Elapsed":[{"Format":"0.0000","Rendering":"10.0183"}]}}
{"Timestamp":"2026-05-08T21:28:41.6709016+00:00","Level":"Information","MessageTemplate":"HTTP {RequestMethod} {RequestPath} responded {StatusCode} in {Elapsed:0.0000} ms","TraceId":"f82c5f05da578e9a58a169ed176e3f53","SpanId":"fa05b3a5de589b08","Properties":{"RequestMethod":"GET","RequestPath":"/api/orders","StatusCode":200,"Elapsed":2.174475,"SourceContext":"Serilog.AspNetCore.RequestLoggingMiddleware","RequestId":"0HNLD932CGROT"},"Renderings":{"Elapsed":[{"Format":"0.0000","Rendering":"2.1745"}]}}
{"Timestamp":"2026-05-08T21:28:41.6923057+00:00","Level":"Information","MessageTemplate":"HTTP {RequestMethod} {RequestPath} responded {StatusCode} in {Elapsed:0.0000} ms","TraceId":"1f46db01501110bb8cf3149fa256c010","SpanId":"55f67e7240956857","Properties":{"RequestMethod":"PUT","RequestPath":"/api/orders/10248","StatusCode":200,"Elapsed":17.321266,"SourceContext":"Serilog.AspNetCore.RequestLoggingMiddleware","RequestId":"0HNLD932CGROU"},"Renderings":{"Elapsed":[{"Format":"0.0000","Rendering":"17.3213"}]}}
{"Timestamp":"2026-05-08T21:28:41.7057089+00:00","Level":"Information","MessageTemplate":"HTTP {RequestMethod} {RequestPath} responded {StatusCode} in {Elapsed:0.0000} ms","TraceId":"5e3f999247abd53edf2316c45c621785","SpanId":"dd37ce2043ef83fc","Properties":{"RequestMethod":"GET","RequestPath":"/api/lookups/customers","StatusCode":200,"Elapsed":9.336938,"SourceContext":"Serilog.AspNetCore.RequestLoggingMiddleware","RequestId":"0HNLD932CGROV"},"Renderings":{"Elapsed":[{"Format":"0.0000","Rendering":"9.3369"}]}}
[xUnit.net 00:00:04.34]   Finished:    Northwind.Tests
</StdOut>
    </Output>
  </ResultSummary>
</TestRun>